2023-05-16 09:22:11,326 [INFO] Activator:176 - 


2023-05-16 09:22:11,336 [INFO] Activator:177 - !SESSION log4j initialized
2023-05-16 09:22:16,360 [INFO] LogOutputStream:77 - [STDOUT_REDIRECT] 
2023-05-16 09:22:44,068 [ERROR] LogOutputStream:75 - [STDERR_REDIRECT] SLF4J: Failed to load class "org.slf4j.impl.StaticLoggerBinder".
2023-05-16 09:22:44,068 [ERROR] LogOutputStream:75 - [STDERR_REDIRECT] SLF4J: Defaulting to no-operation (NOP) logger implementation
2023-05-16 09:22:44,068 [ERROR] LogOutputStream:75 - [STDERR_REDIRECT] SLF4J: See http://www.slf4j.org/codes.html#StaticLoggerBinder for further details.
2023-05-16 09:32:01,504 [INFO] ApplicationProperties:184 - Using Application install path: C:\ST\STM32CubeIDE_1.12.0\STM32CubeIDE\plugins\com.st.stm32cube.common.mx_6.8.1.202304191431
2023-05-16 09:32:01,543 [INFO] DbMcusXml:78 - Set database path to: C:\ST\STM32CubeIDE_1.12.0\STM32CubeIDE\plugins\com.st.stm32cube.common.mx_6.8.1.202304191431\\db\/mcu/
2023-05-16 09:32:01,544 [INFO] ApiDb:274 - Set plugin database path to: C:\ST\STM32CubeIDE_1.12.0\STM32CubeIDE\plugins\com.st.stm32cube.common.mx_6.8.1.202304191431\\db\/plugins/boardmanager/
2023-05-16 09:32:01,547 [WARN] ApiDb:259 - Overriding images path with different value:  => C:\ST\STM32CubeIDE_1.12.0\STM32CubeIDE\plugins\com.st.stm32cube.common.mx_6.8.1.202304191431\\db\/plugins/mcufinder/images/
2023-05-16 09:32:01,574 [INFO] ApiDb:250 - Set database path to: C:\Users\mehmet.sahin\.stmcufinder\plugins\mcufinder//mcu/
2023-05-16 09:32:01,577 [INFO] DbMcusAds:125 - Set database path to: C:\Users\mehmet.sahin\.stmcufinder\plugins\mcufinder//mcu/
2023-05-16 09:32:01,584 [INFO] CrossReferenceDbSqlite:203 - Set database path to: C:\Users\mehmet.sahin\.stmcufinder\plugins\mcufinder//mcu/cs/
2023-05-16 09:32:01,759 [INFO] RulesReader:64 - Compatibility file has been processed (293 Rules)
2023-05-16 09:32:01,894 [INFO] DbMcusXml:78 - Set database path to: C:\ST\STM32CubeIDE_1.12.0\STM32CubeIDE\plugins\com.st.stm32cube.common.mx_6.8.1.202304191431\\db\/mcu/
2023-05-16 09:32:01,895 [INFO] ApiDb:274 - Set plugin database path to: C:\ST\STM32CubeIDE_1.12.0\STM32CubeIDE\plugins\com.st.stm32cube.common.mx_6.8.1.202304191431\\db\/plugins/boardmanager/
2023-05-16 09:32:01,895 [INFO] ApiDb:261 - Set plugin images path to: C:\ST\STM32CubeIDE_1.12.0\STM32CubeIDE\plugins\com.st.stm32cube.common.mx_6.8.1.202304191431\\db\/plugins/mcufinder/images/
2023-05-16 09:32:01,895 [WARN] DbFile:41 - Overriding database path with different value: C:\Users\mehmet.sahin\.stmcufinder\plugins\mcufinder/ => C:\Users\mehmet.sahin\.stmcufinder\plugins\mcufinder
2023-05-16 09:32:01,896 [INFO] ApiDb:250 - Set database path to: C:\Users\mehmet.sahin\.stmcufinder\plugins\mcufinder//mcu/
2023-05-16 09:32:01,896 [WARN] DbFile:41 - Overriding database path with different value: C:\Users\mehmet.sahin\.stmcufinder\plugins\mcufinder/ => C:\Users\mehmet.sahin\.stmcufinder\plugins\mcufinder
2023-05-16 09:32:01,896 [INFO] DbMcusAds:125 - Set database path to: C:\Users\mehmet.sahin\.stmcufinder\plugins\mcufinder//mcu/
2023-05-16 09:32:01,896 [WARN] DbFile:41 - Overriding database path with different value: C:\Users\mehmet.sahin\.stmcufinder\plugins\mcufinder/ => C:\Users\mehmet.sahin\.stmcufinder\plugins\mcufinder
2023-05-16 09:32:01,896 [WARN] DbFile:41 - Overriding database path with different value: C:\Users\mehmet.sahin\.stmcufinder\plugins\mcufinder/ => C:\Users\mehmet.sahin\.stmcufinder\plugins\mcufinder
2023-05-16 09:32:01,896 [INFO] CrossReferenceDbSqlite:203 - Set database path to: C:\Users\mehmet.sahin\.stmcufinder\plugins\mcufinder//mcu/cs/
2023-05-16 09:32:02,057 [INFO] MainPanel:253 - HeapMemory: 501219328
2023-05-16 09:32:02,258 [INFO] DbMcusXml:78 - Set database path to: C:\ST\STM32CubeIDE_1.12.0\STM32CubeIDE\plugins\com.st.stm32cube.common.mx_6.8.1.202304191431\\db\/mcu/
2023-05-16 09:32:02,258 [INFO] ApiDb:274 - Set plugin database path to: C:\ST\STM32CubeIDE_1.12.0\STM32CubeIDE\plugins\com.st.stm32cube.common.mx_6.8.1.202304191431\\db\/plugins/boardmanager/
2023-05-16 09:32:02,258 [INFO] ApiDb:261 - Set plugin images path to: C:\ST\STM32CubeIDE_1.12.0\STM32CubeIDE\plugins\com.st.stm32cube.common.mx_6.8.1.202304191431\\db\/plugins/mcufinder/images/
2023-05-16 09:32:02,259 [WARN] DbFile:41 - Overriding database path with different value: C:\Users\mehmet.sahin\.stmcufinder\plugins\mcufinder/ => C:\Users\mehmet.sahin\.stmcufinder\plugins\mcufinder
2023-05-16 09:32:02,260 [INFO] ApiDb:250 - Set database path to: C:\Users\mehmet.sahin\.stmcufinder\plugins\mcufinder//mcu/
2023-05-16 09:32:02,260 [WARN] DbFile:41 - Overriding database path with different value: C:\Users\mehmet.sahin\.stmcufinder\plugins\mcufinder/ => C:\Users\mehmet.sahin\.stmcufinder\plugins\mcufinder
2023-05-16 09:32:02,260 [INFO] DbMcusAds:125 - Set database path to: C:\Users\mehmet.sahin\.stmcufinder\plugins\mcufinder//mcu/
2023-05-16 09:32:02,260 [WARN] DbFile:41 - Overriding database path with different value: C:\Users\mehmet.sahin\.stmcufinder\plugins\mcufinder/ => C:\Users\mehmet.sahin\.stmcufinder\plugins\mcufinder
2023-05-16 09:32:02,260 [WARN] DbFile:41 - Overriding database path with different value: C:\Users\mehmet.sahin\.stmcufinder\plugins\mcufinder/ => C:\Users\mehmet.sahin\.stmcufinder\plugins\mcufinder
2023-05-16 09:32:02,260 [INFO] CrossReferenceDbSqlite:203 - Set database path to: C:\Users\mehmet.sahin\.stmcufinder\plugins\mcufinder//mcu/cs/
2023-05-16 09:32:02,292 [INFO] ApplicationProperties:184 - Using Application install path: C:\ST\STM32CubeIDE_1.12.0\STM32CubeIDE\plugins\com.st.stm32cube.common.mx_6.8.1.202304191431
2023-05-16 09:32:02,293 [INFO] PluginManage:196 - Search for loadable plugins [exclusion list=, ]
2023-05-16 09:32:02,295 [INFO] PluginManage:310 - Check plugin analytics
2023-05-16 09:32:07,084 [INFO] AnalyticsPlugin:253 - Accepted Software Licenses: STM32CubeMX.6.8.0,STM32CubeMX.6.8.1
2023-05-16 09:32:07,084 [INFO] AnalyticsPlugin:255 - Accepted CMSIS Pack Licenses: emotas.I-CUBE-CANOPEN.1.1.3
2023-05-16 09:32:07,085 [INFO] AnalyticsPlugin:257 - Accepted Firmware Licenses: FW.F7.1.17.0,FW.F4.1.27.0
2023-05-16 09:32:07,100 [INFO] PluginManage:359 - Loaded plugin analytics (category:tool,tabindex:-1)
2023-05-16 09:32:07,100 [INFO] PluginManage:310 - Check plugin cadmodel
2023-05-16 09:32:07,114 [INFO] CADModel:105 - Init CAD model plugin
2023-05-16 09:32:07,115 [INFO] PluginManage:359 - Loaded plugin cadmodel (category:power,tabindex:5)
2023-05-16 09:32:07,115 [INFO] PluginManage:310 - Check plugin clock
2023-05-16 09:32:07,135 [INFO] PluginManage:359 - Loaded plugin clock (category:base,tabindex:2)
2023-05-16 09:32:07,135 [INFO] PluginManage:310 - Check plugin ddr
2023-05-16 09:32:07,140 [INFO] PluginManage:359 - Loaded plugin ddr (category:tool,tabindex:6)
2023-05-16 09:32:07,140 [INFO] PluginManage:310 - Check plugin filemanager
2023-05-16 09:32:07,362 [INFO] PluginManage:359 - Loaded plugin filemanager (category:base,tabindex:10)
2023-05-16 09:32:07,362 [INFO] PluginManage:310 - Check plugin ipmanager
2023-05-16 09:32:07,375 [INFO] PluginManage:359 - Loaded plugin ipmanager (category:base,tabindex:5)
2023-05-16 09:32:07,376 [INFO] PluginManage:310 - Check plugin lpbam
2023-05-16 09:32:07,392 [INFO] PluginManage:359 - Loaded plugin lpbam (category:base,tabindex:0)
2023-05-16 09:32:07,392 [INFO] PluginManage:310 - Check plugin pinoutandconfiguration
2023-05-16 09:32:07,411 [INFO] PluginManage:359 - Loaded plugin pinoutandconfiguration (category:base,tabindex:1)
2023-05-16 09:32:07,411 [INFO] PluginManage:310 - Check plugin pinoutconfig
2023-05-16 09:32:07,564 [WARN] SupportedApi:132 - Cannot load RTOS API schema: s4s-elt-must-match.1: The content of 'definitions' must match (annotation?, (simpleType | complexType)?, (unique | key | keyref)*)). A problem was found starting at: attribute.
2023-05-16 09:32:07,860 [INFO] PluginManage:359 - Loaded plugin pinoutconfig (category:base,tabindex:0)
2023-05-16 09:32:07,860 [INFO] PluginManage:310 - Check plugin power
2023-05-16 09:32:07,894 [INFO] PluginManage:359 - Loaded plugin power (category:power,tabindex:4)
2023-05-16 09:32:07,894 [INFO] PluginManage:310 - Check plugin projectmanager
2023-05-16 09:32:07,934 [INFO] PluginManage:359 - Loaded plugin projectmanager (category:projectmanager,tabindex:3)
2023-05-16 09:32:07,934 [INFO] PluginManage:310 - Check plugin thirdparty
2023-05-16 09:32:08,174 [INFO] PluginManage:359 - Loaded plugin thirdparty (category:base,tabindex:-1)
2023-05-16 09:32:08,174 [WARN] IntegrityCheckThread:84 - waiting for thirdparty lock release [integrity check]
2023-05-16 09:32:08,174 [INFO] IntegrityCheckThread:86 - entering critical section [integrity check]
2023-05-16 09:32:08,174 [INFO] PluginManage:310 - Check plugin tools
2023-05-16 09:32:08,178 [INFO] ThirdPartyUpdaterWithRetryManager:70 - Updater plugin not ready yet. [1/15]
2023-05-16 09:32:08,181 [INFO] PluginManage:359 - Loaded plugin tools (category:base,tabindex:7)
2023-05-16 09:32:08,181 [INFO] PluginManage:310 - Check plugin tutovideos
2023-05-16 09:32:08,502 [INFO] PluginManage:359 - Loaded plugin tutovideos (category:base,tabindex:-1)
2023-05-16 09:32:08,502 [INFO] PluginManage:310 - Check plugin updater
2023-05-16 09:32:08,530 [INFO] PluginManage:359 - Loaded plugin updater (category:base,tabindex:12)
2023-05-16 09:32:08,531 [INFO] PluginManage:283 - PluginManage : Loaded plugins [15]
2023-05-16 09:32:09,206 [INFO] PinOutPanel:1499 - setPackage(No Configuration,No Configuration)
2023-05-16 09:32:09,340 [INFO] CADModel:165 - CPN selected for project level
2023-05-16 09:32:09,340 [INFO] CADModel:114 - Register for checkConnection events
2023-05-16 09:32:09,369 [INFO] IPUIPlugin:80 - create IPUIPlugin
2023-05-16 09:32:09,369 [INFO] PluginManager:220 - loadIPPluginJar : add adc
2023-05-16 09:32:09,373 [INFO] IPUIPlugin:80 - create IPUIPlugin
2023-05-16 09:32:09,373 [INFO] PluginManager:220 - loadIPPluginJar : add aes
2023-05-16 09:32:09,378 [INFO] IPUIPlugin:80 - create IPUIPlugin
2023-05-16 09:32:09,378 [INFO] PluginManager:220 - loadIPPluginJar : add can
2023-05-16 09:32:09,381 [INFO] IPUIPlugin:80 - create IPUIPlugin
2023-05-16 09:32:09,381 [INFO] PluginManager:220 - loadIPPluginJar : add comp
2023-05-16 09:32:09,386 [INFO] IPUIPlugin:80 - create IPUIPlugin
2023-05-16 09:32:09,386 [INFO] PluginManager:220 - loadIPPluginJar : add cryp
2023-05-16 09:32:09,390 [INFO] IPUIPlugin:80 - create IPUIPlugin
2023-05-16 09:32:09,390 [INFO] PluginManager:220 - loadIPPluginJar : add dfsdm
2023-05-16 09:32:09,399 [INFO] IPUIPlugin:80 - create IPUIPlugin
2023-05-16 09:32:09,400 [INFO] PluginManager:220 - loadIPPluginJar : add dma
2023-05-16 09:32:09,405 [INFO] IPUIPlugin:80 - create IPUIPlugin
2023-05-16 09:32:09,405 [INFO] PluginManager:220 - loadIPPluginJar : add dma3
2023-05-16 09:32:09,408 [INFO] IPUIPlugin:80 - create IPUIPlugin
2023-05-16 09:32:09,408 [INFO] PluginManager:220 - loadIPPluginJar : add fatfs
2023-05-16 09:32:09,416 [INFO] IPUIPlugin:80 - create IPUIPlugin
2023-05-16 09:32:09,416 [INFO] PluginManager:220 - loadIPPluginJar : add fmc
2023-05-16 09:32:09,427 [INFO] IPUIPlugin:80 - create IPUIPlugin
2023-05-16 09:32:09,427 [INFO] PluginManager:220 - loadIPPluginJar : add freertos
2023-05-16 09:32:09,430 [INFO] IPUIPlugin:80 - create IPUIPlugin
2023-05-16 09:32:09,430 [INFO] PluginManager:220 - loadIPPluginJar : add genericplugin
2023-05-16 09:32:09,435 [INFO] IPUIPlugin:80 - create IPUIPlugin
2023-05-16 09:32:09,436 [INFO] PluginManager:220 - loadIPPluginJar : add gfxmmu
2023-05-16 09:32:09,443 [INFO] IPUIPlugin:80 - create IPUIPlugin
2023-05-16 09:32:09,443 [INFO] PluginManager:220 - loadIPPluginJar : add gic
2023-05-16 09:32:09,449 [INFO] IPUIPlugin:80 - create IPUIPlugin
2023-05-16 09:32:09,449 [INFO] PluginManager:220 - loadIPPluginJar : add gpio
2023-05-16 09:32:09,454 [INFO] IPUIPlugin:80 - create IPUIPlugin
2023-05-16 09:32:09,455 [INFO] PluginManager:220 - loadIPPluginJar : add gtzc
2023-05-16 09:32:09,458 [INFO] IPUIPlugin:80 - create IPUIPlugin
2023-05-16 09:32:09,458 [INFO] PluginManager:220 - loadIPPluginJar : add hash
2023-05-16 09:32:09,462 [INFO] IPUIPlugin:80 - create IPUIPlugin
2023-05-16 09:32:09,462 [INFO] PluginManager:220 - loadIPPluginJar : add i2c
2023-05-16 09:32:09,467 [INFO] IPUIPlugin:80 - create IPUIPlugin
2023-05-16 09:32:09,467 [INFO] PluginManager:220 - loadIPPluginJar : add i2s
2023-05-16 09:32:09,472 [INFO] IPUIPlugin:80 - create IPUIPlugin
2023-05-16 09:32:09,472 [INFO] PluginManager:220 - loadIPPluginJar : add i3c
2023-05-16 09:32:09,477 [INFO] IPUIPlugin:80 - create IPUIPlugin
2023-05-16 09:32:09,477 [INFO] PluginManager:220 - loadIPPluginJar : add ipddr
2023-05-16 09:32:09,490 [INFO] IPUIPlugin:80 - create IPUIPlugin
2023-05-16 09:32:09,490 [INFO] PluginManager:220 - loadIPPluginJar : add linkedlist
2023-05-16 09:32:09,495 [INFO] IPUIPlugin:80 - create IPUIPlugin
2023-05-16 09:32:09,495 [INFO] PluginManager:220 - loadIPPluginJar : add lorawan
2023-05-16 09:32:09,498 [INFO] IPUIPlugin:80 - create IPUIPlugin
2023-05-16 09:32:09,498 [INFO] PluginManager:220 - loadIPPluginJar : add ltdc
2023-05-16 09:32:09,508 [INFO] IPUIPlugin:80 - create IPUIPlugin
2023-05-16 09:32:09,508 [INFO] PluginManager:220 - loadIPPluginJar : add mdma
2023-05-16 09:32:09,515 [INFO] IPUIPlugin:80 - create IPUIPlugin
2023-05-16 09:32:09,515 [INFO] PluginManager:220 - loadIPPluginJar : add nvic
2023-05-16 09:32:09,520 [INFO] IPUIPlugin:80 - create IPUIPlugin
2023-05-16 09:32:09,521 [INFO] PluginManager:220 - loadIPPluginJar : add opamp
2023-05-16 09:32:09,527 [INFO] IPUIPlugin:80 - create IPUIPlugin
2023-05-16 09:32:09,527 [INFO] PluginManager:220 - loadIPPluginJar : add openamp
2023-05-16 09:32:09,535 [INFO] IPUIPlugin:80 - create IPUIPlugin
2023-05-16 09:32:09,535 [INFO] PluginManager:220 - loadIPPluginJar : add pdm2pcm
2023-05-16 09:32:09,549 [INFO] IPUIPlugin:80 - create IPUIPlugin
2023-05-16 09:32:09,554 [INFO] PluginManager:220 - loadIPPluginJar : add plateformsettings
2023-05-16 09:32:09,558 [INFO] IPUIPlugin:80 - create IPUIPlugin
2023-05-16 09:32:09,558 [INFO] PluginManager:220 - loadIPPluginJar : add quadspi
2023-05-16 09:32:09,569 [INFO] IPUIPlugin:80 - create IPUIPlugin
2023-05-16 09:32:09,569 [INFO] PluginManager:220 - loadIPPluginJar : add resmgrutility
2023-05-16 09:32:09,575 [INFO] IPUIPlugin:80 - create IPUIPlugin
2023-05-16 09:32:09,575 [INFO] PluginManager:220 - loadIPPluginJar : add sai
2023-05-16 09:32:09,579 [INFO] IPUIPlugin:80 - create IPUIPlugin
2023-05-16 09:32:09,579 [INFO] PluginManager:220 - loadIPPluginJar : add spi
2023-05-16 09:32:09,587 [INFO] IPUIPlugin:80 - create IPUIPlugin
2023-05-16 09:32:09,587 [INFO] PluginManager:220 - loadIPPluginJar : add stm32_wpan
2023-05-16 09:32:09,591 [INFO] IPUIPlugin:80 - create IPUIPlugin
2023-05-16 09:32:09,591 [INFO] PluginManager:220 - loadIPPluginJar : add tim
2023-05-16 09:32:09,596 [INFO] IPUIPlugin:80 - create IPUIPlugin
2023-05-16 09:32:09,596 [INFO] PluginManager:220 - loadIPPluginJar : add touchsensing
2023-05-16 09:32:09,599 [INFO] IPUIPlugin:80 - create IPUIPlugin
2023-05-16 09:32:09,600 [INFO] PluginManager:220 - loadIPPluginJar : add tracer_emb
2023-05-16 09:32:09,603 [INFO] IPUIPlugin:80 - create IPUIPlugin
2023-05-16 09:32:09,603 [INFO] PluginManager:220 - loadIPPluginJar : add ts
2023-05-16 09:32:09,606 [INFO] IPUIPlugin:80 - create IPUIPlugin
2023-05-16 09:32:09,606 [INFO] PluginManager:220 - loadIPPluginJar : add tsc
2023-05-16 09:32:09,610 [INFO] IPUIPlugin:80 - create IPUIPlugin
2023-05-16 09:32:09,610 [INFO] PluginManager:220 - loadIPPluginJar : add ucpd
2023-05-16 09:32:09,614 [INFO] IPUIPlugin:80 - create IPUIPlugin
2023-05-16 09:32:09,615 [INFO] PluginManager:220 - loadIPPluginJar : add usart
2023-05-16 09:32:09,620 [INFO] IPUIPlugin:80 - create IPUIPlugin
2023-05-16 09:32:09,620 [INFO] PluginManager:220 - loadIPPluginJar : add usbx
2023-05-16 09:32:09,789 [INFO] CADModel:165 - CPN selected for project level
2023-05-16 09:32:09,790 [INFO] CADModel:114 - Register for checkConnection events
2023-05-16 09:32:09,791 [FATAL] Updater:308 - Updater called before beeing initialized
2023-05-16 09:32:09,791 [ERROR] CADModel:125 - Updater not yet initialized, retry later 
2023-05-16 09:32:10,083 [INFO] CADModel:165 - CPN selected for project level
2023-05-16 09:32:10,084 [INFO] CADModel:114 - Register for checkConnection events
2023-05-16 09:32:10,084 [FATAL] Updater:308 - Updater called before beeing initialized
2023-05-16 09:32:10,084 [ERROR] CADModel:125 - Updater not yet initialized, retry later 
2023-05-16 09:32:10,090 [FATAL] Updater:308 - Updater called before beeing initialized
2023-05-16 09:32:10,281 [FATAL] Updater:308 - Updater called before beeing initialized
2023-05-16 09:32:10,290 [INFO] DbMcusAds:53 - JSON generation date=Tue Mar 07 11:50:54 TRT 2023 (1678179054945)
2023-05-16 09:32:10,290 [FATAL] Updater:308 - Updater called before beeing initialized
2023-05-16 09:32:10,349 [WARN] DetailPanel:346 - Failed to get advertising image, set to default
2023-05-16 09:32:10,511 [FATAL] Updater:308 - Updater called before beeing initialized
2023-05-16 09:32:10,516 [FATAL] Updater:308 - Updater called before beeing initialized
2023-05-16 09:32:10,516 [FATAL] Updater:308 - Updater called before beeing initialized
2023-05-16 09:32:10,516 [WARN] DetailPanel:346 - Failed to get advertising image, set to default
2023-05-16 09:32:10,518 [FATAL] Updater:308 - Updater called before beeing initialized
2023-05-16 09:32:10,597 [ERROR] Updater:1120 - MainUpdater not yet initialized. External WinMGr cannot be set.
2023-05-16 09:32:10,600 [INFO] Updater:1056 - Updater Version found : 6.8.1
2023-05-16 09:32:10,628 [INFO] ApplicationProperties:184 - Using Application install path: C:\ST\STM32CubeIDE_1.12.0\STM32CubeIDE\plugins\com.st.stm32cube.common.mx_6.8.1.202304191431
2023-05-16 09:32:11,060 [INFO] MainUpdater:2854 - connection check result : 10
2023-05-16 09:32:11,063 [INFO] MainUpdater:283 - Updater Check For Update Now.
2023-05-16 09:32:11,063 [INFO] MicroXplorer:498 - Change Database Version : DB.6.0.81
2023-05-16 09:32:11,187 [WARN] MainUpdater:1187 - Updater busy. Cannot search thirdparties
2023-05-16 09:32:11,187 [INFO] ThirdPartyUpdaterWithRetryManager:96 - Updater plugin is busy. [1/15]
2023-05-16 09:32:11,269 [INFO] CheckServerUpdateThread:120 - End of CheckServer Thread
2023-05-16 09:32:11,293 [INFO] MainUpdater:2854 - connection check result : 10
2023-05-16 09:32:11,296 [INFO] MainUpdater:2854 - connection check result : 10
2023-05-16 09:32:11,360 [INFO] MicroXplorer:468 - Change Database Path : 
2023-05-16 09:32:11,360 [INFO] MicroXplorer:498 - Change Database Version : DB.6.0.81
2023-05-16 09:32:11,361 [WARN] ThirdParty:871 - waiting for thirdparty lock release [close project]
2023-05-16 09:32:14,495 [WARN] PackLoader:240 - Cannot read IP mode file for STMicroelectronics.X-CUBE-GNSS1.6.0.0
2023-05-16 09:32:14,541 [WARN] PackLoader:240 - Cannot read IP mode file for STMicroelectronics.X-CUBE-AZRTOS-F4.1.1.0
2023-05-16 09:32:14,562 [WARN] PackLoader:240 - Cannot read IP mode file for STMicroelectronics.X-CUBE-SMBUS.2.1.0
2023-05-16 09:32:14,568 [WARN] PackLoader:240 - Cannot read IP mode file for wolfSSL.I-CUBE-wolfSSL.5.6.0
2023-05-16 09:32:14,600 [WARN] PackLoader:240 - Cannot read IP mode file for STMicroelectronics.X-CUBE-AZRTOS-F7.1.1.0
2023-05-16 09:32:14,696 [WARN] PackLoader:240 - Cannot read IP mode file for STMicroelectronics.X-CUBE-MEMS1.9.6.0
2023-05-16 09:32:15,183 [WARN] PackLoader:240 - Cannot read IP mode file for STMicroelectronics.X-CUBE-BLE1.6.2.4
2023-05-16 09:32:15,241 [WARN] PackLoader:240 - Cannot read IP mode file for emotas.I-CUBE-CANOPEN.1.1.3
2023-05-16 09:32:15,489 [WARN] PackLoader:240 - Cannot read IP mode file for STMicroelectronics.X-CUBE-BLEMGR.2.0.0
2023-05-16 09:32:15,592 [WARN] ConditionMgr:438 - getConditionDescription Invalid condition id : UX DEVICE CLASS RTOS Condition cause : null
2023-05-16 09:32:15,593 [WARN] ConditionMgr:438 - getConditionDescription Invalid condition id : UX DEVICE CLASS RTOS Condition cause : null
2023-05-16 09:32:15,599 [WARN] PackLoader:240 - Cannot read IP mode file for STMicroelectronics.X-CUBE-AZRTOS-H7.3.1.0
2023-05-16 09:32:15,601 [WARN] ConditionMgr:1039 - genDependencies : Invalid condition id : UX DEVICE CLASS RTOS Condition cause : null
2023-05-16 09:32:15,601 [WARN] ConditionMgr:1039 - genDependencies : Invalid condition id : UX DEVICE CLASS RTOS Condition cause : null
2023-05-16 09:32:15,602 [WARN] ConditionMgr:1039 - genDependencies : Invalid condition id : UX DEVICE CLASS RTOS Condition cause : null
2023-05-16 09:32:15,603 [WARN] ConditionMgr:1039 - genDependencies : Invalid condition id : UX DEVICE CLASS RTOS Condition cause : null
2023-05-16 09:32:15,603 [WARN] ConditionMgr:1039 - genDependencies : Invalid condition id : UX DEVICE CLASS RTOS Condition cause : null
2023-05-16 09:32:15,617 [WARN] PackLoader:240 - Cannot read IP mode file for STMicroelectronics.X-CUBE-DISPLAY.3.0.0
2023-05-16 09:32:15,644 [WARN] PackLoader:240 - Cannot read IP mode file for STMicroelectronics.X-CUBE-NFC7.1.0.0
2023-05-16 09:32:15,654 [WARN] PackLoader:240 - Cannot read IP mode file for STMicroelectronics.X-CUBE-EEPRMA1.4.1.0
2023-05-16 09:32:15,667 [WARN] PackLoader:240 - Cannot read IP mode file for WES.I-CUBE-Cesium.1.3.0
2023-05-16 09:32:15,680 [WARN] PackLoader:240 - Cannot read IP mode file for STMicroelectronics.X-CUBE-SFXS2LP1.4.0.0
2023-05-16 09:32:15,689 [WARN] PackLoader:240 - Cannot read IP mode file for STMicroelectronics.X-CUBE-BLE2.3.3.0
2023-05-16 09:32:15,722 [WARN] PackLoader:240 - Cannot read IP mode file for STMicroelectronics.X-CUBE-ISPU.1.1.0
2023-05-16 09:32:15,745 [WARN] PackLoader:240 - Cannot read IP mode file for STMicroelectronics.X-CUBE-AI.8.0.0
2023-05-16 09:32:15,754 [WARN] PackLoader:240 - Cannot read IP mode file for STMicroelectronics.X-CUBE-FREERTOS.1.0.1
2023-05-16 09:32:15,778 [WARN] PackLoader:240 - Cannot read IP mode file for STMicroelectronics.X-CUBE-TOUCHGFX.4.21.3
2023-05-16 09:32:15,786 [WARN] PackLoader:240 - Cannot read IP mode file for STMicroelectronics.X-CUBE-ALGOBUILD.1.3.0
2023-05-16 09:32:15,819 [WARN] PackLoader:240 - Cannot read IP mode file for STMicroelectronics.X-CUBE-AZRTOS-L5.1.1.0
2023-05-16 09:32:15,855 [WARN] PackLoader:240 - Cannot read IP mode file for STMicroelectronics.X-CUBE-AZRTOS-G0.1.1.0
2023-05-16 09:32:15,895 [WARN] PackLoader:240 - Cannot read IP mode file for STMicroelectronics.X-CUBE-SUBG2.5.0.0
2023-05-16 09:32:15,920 [WARN] PackLoader:240 - Cannot read IP mode file for STMicroelectronics.X-CUBE-NFC4.3.0.0
2023-05-16 09:32:15,945 [WARN] PackLoader:240 - Cannot read IP mode file for STMicroelectronics.X-CUBE-AZRTOS-G4.2.0.0
2023-05-16 09:32:15,967 [WARN] PackLoader:240 - Cannot read IP mode file for STMicroelectronics.X-CUBE-TOF1.3.3.0
2023-05-16 09:32:15,985 [WARN] PackLoader:240 - Cannot read IP mode file for STMicroelectronics.FP-ATR-ASTRA1.1.1.1
2023-05-16 09:32:16,039 [WARN] PackLoader:240 - Cannot read IP mode file for STMicroelectronics.X-CUBE-AZRTOS-G4.1.0.0
2023-05-16 09:32:16,048 [WARN] PackLoader:240 - Cannot read IP mode file for STMicroelectronics.FP-ATR-SIGFOX1.3.2.0
2023-05-16 09:32:16,120 [WARN] PackLoader:240 - Cannot read IP mode file for STMicroelectronics.X-CUBE-AZRTOS-L4.1.0.0
2023-05-16 09:32:16,142 [WARN] PackLoader:240 - Cannot read IP mode file for STMicroelectronics.X-CUBE-AZRTOS-WL.1.0.0
2023-05-16 09:32:16,153 [WARN] PackLoader:240 - Cannot read IP mode file for portGmbH.I-Cube-SoM-uGOAL.1.1.0
2023-05-16 09:32:16,159 [WARN] PackLoader:240 - Cannot read IP mode file for STMicroelectronics.X-CUBE-ALS.1.0.1
2023-05-16 09:32:16,268 [WARN] PackLoader:240 - Cannot read IP mode file for STMicroelectronics.X-CUBE-MEMS1.9.5.0
2023-05-16 09:32:16,623 [WARN] PackLoader:240 - Cannot read IP mode file for STMicroelectronics.X-CUBE-AZRTOS-WB.1.1.0
2023-05-16 09:32:16,693 [WARN] PackLoader:240 - Cannot read IP mode file for SEGGER.I-CUBE-embOS.1.3.1
2023-05-16 09:32:16,800 [WARN] PackLoader:240 - Cannot read IP mode file for STMicroelectronics.FP-ATR-ASTRA1.2.0.0
2023-05-16 09:32:16,803 [INFO] ThirdParty:978 - Integrity check success = true
2023-05-16 09:32:16,803 [INFO] IntegrityCheckThread:100 - exiting critical section [integrity check]
2023-05-16 09:32:16,803 [INFO] IntegrityCheckThread:103 - End integrity checks thread
2023-05-16 09:32:16,804 [INFO] ThirdParty:873 - entering critical section [close project]
2023-05-16 09:32:16,806 [INFO] ThirdParty:883 - exiting critical section [close project]
2023-05-16 09:32:16,818 [INFO] PinOutPanel:1499 - setPackage(No Configuration,No Configuration)
2023-05-16 09:32:16,829 [INFO] UtilMem:75 - Begin LoadConfig() Used Memory: 466508784 Bytes (594542592)
2023-05-16 09:32:16,832 [INFO] MicroXplorer:468 - Change Database Path : 
2023-05-16 09:32:16,833 [INFO] MicroXplorer:498 - Change Database Version : DB.6.0.81
2023-05-16 09:32:16,833 [INFO] OpenFileManager:308 - Change cursor
2023-05-16 09:32:16,909 [INFO] Mcu:1937 - Initializing MCU STM32F407V(E-G)Tx STM32F407VGTx STM32F407VGT6
2023-05-16 09:32:19,978 [INFO] Context:659 - Trying to add GPIOservice into a context  which must be forbidden
2023-05-16 09:32:21,419 [INFO] RtosManager:555 - Registered RTOS mode: class=CMSIS, group=RTOS, mode=CMSIS_V1, owner=FREERTOS
2023-05-16 09:32:21,423 [INFO] RtosManager:555 - Registered RTOS mode: class=CMSIS, group=RTOS2, mode=CMSIS_V2, owner=FREERTOS
2023-05-16 09:32:21,424 [INFO] RtosManager:555 - Registered RTOS mode: class=RTOS, group=Core, mode=CMSIS_V1, owner=FREERTOS
2023-05-16 09:32:21,424 [INFO] RtosManager:555 - Registered RTOS mode: class=RTOS, group=Core, mode=CMSIS_V2, owner=FREERTOS
2023-05-16 09:32:21,425 [WARN] ModelIntegratedComponent:184 - Missing modes for component STMicroelectronics:FreeRTOS:0.0.1:STMicroelectronics:RTOS:FreeRTOS:Core:::10.2.0:
2023-05-16 09:32:21,452 [WARN] ModelIntegratedComponent:63 - No mode defined for component null
2023-05-16 09:32:21,452 [WARN] ModelIntegratedComponent:63 - No mode defined for component null
2023-05-16 09:32:21,452 [WARN] ModelIntegratedComponent:63 - No mode defined for component null
2023-05-16 09:32:21,452 [WARN] ModelIntegratedComponent:63 - No mode defined for component null
2023-05-16 09:32:21,453 [WARN] ModelIntegratedComponent:63 - No mode defined for component null
2023-05-16 09:32:21,453 [WARN] ModelIntegratedComponent:63 - No mode defined for component null
2023-05-16 09:32:21,453 [WARN] ModelIntegratedComponent:63 - No mode defined for component null
2023-05-16 09:32:21,453 [WARN] ModelIntegratedComponent:63 - No mode defined for component null
2023-05-16 09:32:21,453 [WARN] ModelIntegratedComponent:63 - No mode defined for component null
2023-05-16 09:32:21,453 [WARN] ModelIntegratedComponent:63 - No mode defined for component null
2023-05-16 09:32:21,453 [WARN] ModelIntegratedComponent:63 - No mode defined for component null
2023-05-16 09:32:21,453 [WARN] ModelIntegratedComponent:63 - No mode defined for component null
2023-05-16 09:32:21,453 [WARN] ModelIntegratedComponent:63 - No mode defined for component null
2023-05-16 09:32:21,454 [WARN] ModelIntegratedComponent:63 - No mode defined for component null
2023-05-16 09:32:21,454 [WARN] ModelIntegratedComponent:63 - No mode defined for component null
2023-05-16 09:32:21,454 [WARN] ModelIntegratedComponent:63 - No mode defined for component null
2023-05-16 09:32:21,454 [WARN] ModelIntegratedComponent:63 - No mode defined for component null
2023-05-16 09:32:21,454 [WARN] ModelIntegratedComponent:63 - No mode defined for component null
2023-05-16 09:32:21,454 [WARN] ModelIntegratedComponent:63 - No mode defined for component null
2023-05-16 09:32:21,454 [WARN] ModelIntegratedComponent:63 - No mode defined for component null
2023-05-16 09:32:21,454 [WARN] ModelIntegratedComponent:63 - No mode defined for component null
2023-05-16 09:32:21,454 [WARN] ModelIntegratedComponent:63 - No mode defined for component null
2023-05-16 09:32:21,455 [WARN] ModelIntegratedComponent:63 - No mode defined for component null
2023-05-16 09:32:21,455 [WARN] ModelIntegratedComponent:63 - No mode defined for component null
2023-05-16 09:32:21,455 [WARN] ModelIntegratedComponent:63 - No mode defined for component null
2023-05-16 09:32:21,455 [WARN] ModelIntegratedComponent:63 - No mode defined for component null
2023-05-16 09:32:21,455 [WARN] ModelIntegratedComponent:63 - No mode defined for component null
2023-05-16 09:32:21,455 [WARN] ModelIntegratedComponent:63 - No mode defined for component null
2023-05-16 09:32:21,455 [WARN] ModelIntegratedComponent:63 - No mode defined for component null
2023-05-16 09:32:21,455 [WARN] ModelIntegratedComponent:63 - No mode defined for component null
2023-05-16 09:32:21,455 [WARN] ModelIntegratedComponent:63 - No mode defined for component null
2023-05-16 09:32:21,455 [WARN] ModelIntegratedComponent:63 - No mode defined for component null
2023-05-16 09:32:21,455 [WARN] ModelIntegratedComponent:63 - No mode defined for component null
2023-05-16 09:32:21,685 [INFO] ThirdPartyModel:298 - Start build external matchings
2023-05-16 09:32:22,286 [INFO] ThirdPartyModel:316 - End build external matchings
2023-05-16 09:32:22,306 [INFO] RtosManager:919 - Current active RTOS is FREERTOS [Cortex-M4NS]
2023-05-16 09:32:22,333 [INFO] ImportTextPane:194 - (OptionalMessage_ERROR) IP (RCC) : Parameter (RTCHSEDivFreq_Value) has invalid value (4000000)
2023-05-16 09:32:23,089 [INFO] UtilMem:75 - End LoadConfig() Used Memory: 453008120 Bytes (651165696)
2023-05-16 09:32:23,336 [INFO] ApiDb:581 - Connected to CubeFinder SQLite database (C:\Users\mehmet.sahin\.stmcufinder\plugins\mcufinder\mcu\cube-finder-db.db)
2023-05-16 09:32:23,547 [INFO] ApiDb:668 - CubeFinder database Data Model version=2.1
2023-05-16 09:32:23,547 [INFO] ApiDb:669 - CubeFinder database Configuration version=3.0.35
2023-05-16 09:32:23,548 [INFO] ApiDb:670 - CubeFinder database generation date=2023-04-03 (1680511692)
2023-05-16 09:32:23,548 [INFO] ApiDb:671 - CubeFinder database FW Pack versions=[FP-ATR-ASTRA1_V2.0.0, STM32Cube_FW_C0_V1.0.1, STM32Cube_FW_F0_V1.11.4, STM32Cube_FW_F3_V1.11.4, STM32Cube_FW_F4_V1.27.1, STM32Cube_FW_F7_V1.17.0, STM32Cube_FW_G0_V1.6.1, STM32Cube_FW_G4_V1.5.1, STM32Cube_FW_H5_V0.5.1, STM32Cube_FW_H5_V1.0.0, STM32Cube_FW_H7_V1.11.0, STM32Cube_FW_L0_V1.12.2, STM32Cube_FW_L5_V1.5.0, STM32Cube_FW_U5_V1.2.0, STM32Cube_FW_WBA_V1.0.0, STM32Cube_FW_WBA_V1.0.0RC1, STM32Cube_FW_WBA_V1.0.0RC3, STM32Cube_FW_WB_V1.15.0RC1, STM32Cube_FW_WB_V1.16.0, STM32Cube_FW_WB_V1.16.0RC2, STM32Cube_FW_WL_V1.3.0, X-CUBE-ALGOBUILD_V1.3.0, X-CUBE-ALS_V1.0.1, X-CUBE-AZRTOS-F4_V1.1.0, X-CUBE-AZRTOS-F7_V1.1.0, X-CUBE-AZRTOS-G0_V1.1.0, X-CUBE-AZRTOS-G4_V1.0.0, X-CUBE-AZRTOS-H7_V3.0.0, X-CUBE-AZRTOS-L4_V1.0.0, X-CUBE-AZRTOS-L5_V1.1.0, X-CUBE-AZRTOS-WB_V1.1.0, X-CUBE-AZRTOS-WL_V1.0.0, X-CUBE-BLE1_V6.2.4, X-CUBE-BLE2_V3.3.0, X-CUBE-BLEMGR_V1.3.0, X-CUBE-EEPRMA1_V4.1.0, X-CUBE-FREERTOS_V1.0.1, X-CUBE-GNSS1_V6.0.0, X-CUBE-MEMS1_V9.1.0, X-CUBE-MEMS1_V9.4.0, X-CUBE-MEMS1_V9.5.0, X-CUBE-NFC4_V3.0.0, X-CUBE-NFC7_V1.0.0, X-CUBE-SFXS2LP1_V4.0.0, X-CUBE-SUBG2_V5.0.0]
2023-05-16 09:32:28,899 [INFO] ApiDb:240 - Found 297 in-development CPN: [B-G473E-ZEST1S, B-WB1M-WPAN1, B-WL5M-SUBG1, NUCLEO-C031C6, NUCLEO-H503RB, NUCLEO-H563ZI, NUCLEO-U545RE-Q, NUCLEO-U5A5ZJ-Q, NUCLEO-WBA52CG, STEVAL-PROTEUS1, STEVAL-STWINBX1, STM320518-EVAL, STM32C0116-DK, STM32C011D6Y3TR, STM32C011D6Y6TR, STM32C011F4P3, STM32C011F4P6, STM32C011F4U3, STM32C011F4U6TR, STM32C011F6P3, STM32C011F6P6, STM32C011F6U3, STM32C011F6U6TR, STM32C011J4M3, STM32C011J4M6, STM32C011J6M3, STM32C011J6M6, STM32C0316-DK, STM32C031C4T3, STM32C031C4T6, STM32C031C4U3, STM32C031C4U6, STM32C031C6T3, STM32C031C6T6, STM32C031C6U3, STM32C031C6U6, STM32C031F4P3, STM32C031F4P6, STM32C031F6P3, STM32C031F6P6, STM32C031G4U3, STM32C031G4U6, STM32C031G6U3, STM32C031G6U6, STM32C031K4T3, STM32C031K4T6, STM32C031K4U3, STM32C031K4U6, STM32C031K6T3, STM32C031K6T6, STM32C031K6U3, STM32C031K6U6, STM32G071K8TXN, STM32G071K8UXN, STM32G081GBU6N, STM32G081KBT6N, STM32G081KBUXN, STM32G0B1CCT6N, STM32G0B1KCT6, STM32G0B1NEY6TR, STM32G0B1RCT6N, STM32G0C1CCT6, STM32G0C1CCT6N, STM32G0C1CCU6N, STM32G0C1CET6N, STM32G0C1CEU6N, STM32G0C1KCT6, STM32G0C1NEY6TR, STM32G0C1RCI6N, STM32G0C1RCT6N, STM32G0C1REI6N, STM32G0C1RET6N, STM32G0C1VCI6, STM32G0C1VEI6, STM32G471CCT6, STM32G471CCU6, STM32G471CET3, STM32G471CET6, STM32G471CEU3, STM32G471CEU6, STM32G471MCT6, STM32G471MET3, STM32G471MET6, STM32G471MEY6TR, STM32G471QCT6, STM32G471QET3, STM32G471RCT6, STM32G471RET3, STM32G471RET6, STM32G471VCH6, STM32G471VCI6, STM32G471VCT6, STM32G471VEH3, STM32G471VEH6, STM32G471VEI3, STM32G471VEI6, STM32G471VET3, STM32G471VET6, STM32G474CCT6, STM32H503CBT6, STM32H503CBU6, STM32H503EBY6TR, STM32H503KBU6, STM32H503RBT6, STM32H562AGI6, STM32H562AII6, STM32H562IGK6, STM32H562IGT6, STM32H562IIK6, STM32H562IIT6, STM32H562RGT6, STM32H562RGV6, STM32H562RIT6, STM32H562RIV6, STM32H562VGT6, STM32H562VIT6, STM32H562ZGT6, STM32H562ZIT6, STM32H563AGI6, STM32H563AII3Q, STM32H563AII6, STM32H563IGK6, STM32H563IGT6, STM32H563IIK3Q, STM32H563IIK6, STM32H563IIT3Q, STM32H563IIT6, STM32H563MIY3QTR, STM32H563RGT6, STM32H563RGV6, STM32H563RIT6, STM32H563RIV6, STM32H563VGT6, STM32H563VIT3Q, STM32H563VIT6, STM32H563ZGT6, STM32H563ZIT3Q, STM32H563ZIT6, STM32H573AII3Q, STM32H573AII6, STM32H573I-DK, STM32H573IIK3Q, STM32H573IIK6, STM32H573IIT3Q, STM32H573IIT6, STM32H573MIY3QTR, STM32H573RIT6, STM32H573RIV6, STM32H573VIT3Q, STM32H573VIT6, STM32H573ZIT3Q, STM32H573ZIT6, STM32L4R5QGI6STR, STM32MP131AAE3, STM32MP131AAF3, STM32MP131AAG3, STM32MP131CAE3, STM32MP131CAF3, STM32MP131CAG3, STM32MP131DAE7, STM32MP131DAF7, STM32MP131DAG7, STM32MP131FAE7, STM32MP131FAF7, STM32MP131FAG7, STM32MP133AAE3, STM32MP133AAF3, STM32MP133AAG3, STM32MP133CAE3, STM32MP133CAF3, STM32MP133CAG3, STM32MP133DAE7, STM32MP133DAF7, STM32MP133DAG7, STM32MP133FAE7, STM32MP133FAF7, STM32MP133FAG7, STM32MP135AAE3, STM32MP135AAF3, STM32MP135AAG3, STM32MP135CAE3, STM32MP135CAF3, STM32MP135CAG3, STM32MP135DAE7, STM32MP135DAF7, STM32MP135DAG7, STM32MP135F-DK, STM32MP135FAE7, STM32MP135FAF7, STM32MP135FAF7T, STM32MP135FAF7U, STM32MP135FAG7, STM32U535CBT6, STM32U535CBT6Q, STM32U535CBU6, STM32U535CBU6Q, STM32U535CCT6, STM32U535CCT6Q, STM32U535CCU6, STM32U535CCU6Q, STM32U535CET6, STM32U535CET6Q, STM32U535CEU6, STM32U535CEU6Q, STM32U535JEY6QTR, STM32U535NCY6QTR, STM32U535NEY6QTR, STM32U535RBI6, STM32U535RBI6Q, STM32U535RBT6, STM32U535RBT6Q, STM32U535RCI6, STM32U535RCI6Q, STM32U535RCT6, STM32U535RCT6Q, STM32U535REI6, STM32U535REI6Q, STM32U535RET6, STM32U535RET6Q, STM32U535VCI6, STM32U535VCI6Q, STM32U535VCT6, STM32U535VCT6Q, STM32U535VEI6, STM32U535VEI6Q, STM32U535VET6, STM32U535VET6Q, STM32U545CET6, STM32U545CET6Q, STM32U545CEU6, STM32U545CEU6Q, STM32U545JEY6QTR, STM32U545NEY6QTR, STM32U545REI6, STM32U545REI6Q, STM32U545RET6, STM32U545RET6Q, STM32U545VEI6, STM32U545VEI6Q, STM32U545VET6, STM32U545VET6Q, STM32U595AIH6, STM32U595AIH6Q, STM32U595AJH6, STM32U595AJH6Q, STM32U595QII6, STM32U595QII6Q, STM32U595QJI6, STM32U595QJI6Q, STM32U595RIT6, STM32U595RIT6Q, STM32U595RJT6, STM32U595RJT6Q, STM32U595VIT6, STM32U595VIT6Q, STM32U595VJT6, STM32U595VJT6Q, STM32U595ZIT6, STM32U595ZIT6Q, STM32U595ZIY6QTR, STM32U595ZJT6, STM32U595ZJT6Q, STM32U595ZJY6QTR, STM32U599BJY6QTR, STM32U599NIH6Q, STM32U599NJH6Q, STM32U599VIT6Q, STM32U599VJT6, STM32U599VJT6Q, STM32U599ZIT6Q, STM32U599ZIY6QTR, STM32U599ZJT6Q, STM32U599ZJY6QTR, STM32U5A5AJH6, STM32U5A5AJH6Q, STM32U5A5QJI6, STM32U5A5QJI6Q, STM32U5A5RJT6, STM32U5A5RJT6Q, STM32U5A5VJT6, STM32U5A5VJT6Q, STM32U5A5ZJT6, STM32U5A5ZJT6Q, STM32U5A5ZJY6QTR, STM32U5A9BJY6QTR, STM32U5A9J-DK, STM32U5A9NJH6Q, STM32U5A9VJT6Q, STM32U5A9ZJT6Q, STM32U5A9ZJY6QTR, STM32WB1MMCH6, STM32WBA52CEU6, STM32WBA52CEU6T, STM32WBA52CGU6, STM32WBA52CGU6T, STM32WL5MOCH6, STM32WL5MOCH6TR]
2023-05-16 09:32:28,904 [INFO] DbMcus:216 - Found 3775 MCUs, 3775 are supported
2023-05-16 09:32:28,908 [INFO] ApiDb:423 - Load user favorites file C:\Users\mehmet.sahin/.stm32cubeide/favorites.mcus.txt: 0 item(s)
2023-05-16 09:32:28,908 [INFO] ApiDb:427 - User favorites MCUs=[]
2023-05-16 09:32:28,909 [INFO] DbMcus:222 - Set 0 / 0 favorites MCUs
2023-05-16 09:32:29,486 [WARN] ThirdParty:833 - waiting for thirdparty lock release [change project]
2023-05-16 09:32:29,486 [INFO] ThirdParty:835 - entering critical section [change project]
2023-05-16 09:32:29,487 [INFO] ThirdParty:1030 - CMSIS Pack Vendor :STMicroelectronics X-CUBE-ISPU 1.1.0
2023-05-16 09:32:29,487 [INFO] ThirdParty:1030 - CMSIS Pack Vendor :STMicroelectronics X-CUBE-GNSS1 6.0.0
2023-05-16 09:32:29,487 [INFO] ThirdParty:1030 - CMSIS Pack Vendor :STMicroelectronics USB_HOST 2.0.0
2023-05-16 09:32:29,487 [INFO] ThirdParty:1030 - CMSIS Pack Vendor :STMicroelectronics X-CUBE-AZRTOS-F4 1.1.0
2023-05-16 09:32:29,487 [INFO] ThirdParty:1030 - CMSIS Pack Vendor :STMicroelectronics LIBJPEG 8.0.0
2023-05-16 09:32:29,487 [INFO] ThirdParty:1030 - CMSIS Pack Vendor :STMicroelectronics X-CUBE-SMBUS 2.1.0
2023-05-16 09:32:29,487 [INFO] ThirdParty:1030 - CMSIS Pack Vendor :wolfSSL I-CUBE-wolfSSL 5.6.0
2023-05-16 09:32:29,487 [INFO] ThirdParty:1030 - CMSIS Pack Vendor :STMicroelectronics USB_DEVICE 3.0.0
2023-05-16 09:32:29,487 [INFO] ThirdParty:1030 - CMSIS Pack Vendor :STMicroelectronics X-CUBE-AI 8.0.0
2023-05-16 09:32:29,487 [INFO] ThirdParty:1030 - CMSIS Pack Vendor :STMicroelectronics X-CUBE-FREERTOS 1.0.1
2023-05-16 09:32:29,487 [INFO] ThirdParty:1030 - CMSIS Pack Vendor :STMicroelectronics X-CUBE-TOUCHGFX 4.21.3
2023-05-16 09:32:29,488 [INFO] ThirdParty:1030 - CMSIS Pack Vendor :STMicroelectronics X-CUBE-AZRTOS-F7 1.1.0
2023-05-16 09:32:29,488 [INFO] ThirdParty:1030 - CMSIS Pack Vendor :STMicroelectronics USB_DEVICE 2.0.0
2023-05-16 09:32:29,488 [INFO] ThirdParty:1030 - CMSIS Pack Vendor :STMicroelectronics X-CUBE-MEMS1 9.6.0
2023-05-16 09:32:29,488 [INFO] ThirdParty:1030 - CMSIS Pack Vendor :STMicroelectronics X-CUBE-ALGOBUILD 1.3.0
2023-05-16 09:32:29,488 [INFO] ThirdParty:1030 - CMSIS Pack Vendor :STMicroelectronics X-CUBE-BLE1 6.2.4
2023-05-16 09:32:29,488 [INFO] ThirdParty:1030 - CMSIS Pack Vendor :STMicroelectronics X-CUBE-AZRTOS-L5 1.1.0
2023-05-16 09:32:29,488 [INFO] ThirdParty:1030 - CMSIS Pack Vendor :STMicroelectronics FreeRTOS 0.0.1
2023-05-16 09:32:29,488 [INFO] ThirdParty:1030 - CMSIS Pack Vendor :emotas I-CUBE-CANOPEN 1.1.3
2023-05-16 09:32:29,488 [INFO] ThirdParty:1030 - CMSIS Pack Vendor :STMicroelectronics X-CUBE-AZRTOS-G0 1.1.0
2023-05-16 09:32:29,488 [INFO] ThirdParty:1030 - CMSIS Pack Vendor :STMicroelectronics X-CUBE-BLEMGR 2.0.0
2023-05-16 09:32:29,488 [INFO] ThirdParty:1030 - CMSIS Pack Vendor :STMicroelectronics X-CUBE-SUBG2 5.0.0
2023-05-16 09:32:29,488 [INFO] ThirdParty:1030 - CMSIS Pack Vendor :STMicroelectronics X-CUBE-NFC4 3.0.0
2023-05-16 09:32:29,488 [INFO] ThirdParty:1030 - CMSIS Pack Vendor :STMicroelectronics STM32_WPAN 1.0.0
2023-05-16 09:32:29,488 [INFO] ThirdParty:1030 - CMSIS Pack Vendor :STMicroelectronics lwIP 2.0.3
2023-05-16 09:32:29,488 [INFO] ThirdParty:1030 - CMSIS Pack Vendor :STMicroelectronics USB_HOST 1.0.0
2023-05-16 09:32:29,489 [INFO] ThirdParty:1030 - CMSIS Pack Vendor :STMicroelectronics X-CUBE-AZRTOS-G4 2.0.0
2023-05-16 09:32:29,489 [INFO] ThirdParty:1030 - CMSIS Pack Vendor :STMicroelectronics PDM2PCM 3.1.0
2023-05-16 09:32:29,489 [INFO] ThirdParty:1030 - CMSIS Pack Vendor :STMicroelectronics X-CUBE-AZRTOS-H7 3.1.0
2023-05-16 09:32:29,489 [INFO] ThirdParty:1030 - CMSIS Pack Vendor :STMicroelectronics X-CUBE-TOF1 3.3.0
2023-05-16 09:32:29,489 [INFO] ThirdParty:1030 - CMSIS Pack Vendor :STMicroelectronics FP-ATR-ASTRA1 1.1.1
2023-05-16 09:32:29,489 [INFO] ThirdParty:1030 - CMSIS Pack Vendor :STMicroelectronics PDM2PCM 3.3.0
2023-05-16 09:32:29,489 [INFO] ThirdParty:1030 - CMSIS Pack Vendor :STMicroelectronics X-CUBE-DISPLAY 3.0.0
2023-05-16 09:32:29,489 [INFO] ThirdParty:1030 - CMSIS Pack Vendor :STMicroelectronics X-CUBE-AZRTOS-G4 1.0.0
2023-05-16 09:32:29,489 [INFO] ThirdParty:1030 - CMSIS Pack Vendor :STMicroelectronics FP-ATR-SIGFOX1 3.2.0
2023-05-16 09:32:29,489 [INFO] ThirdParty:1030 - CMSIS Pack Vendor :STMicroelectronics X-CUBE-AZRTOS-L4 1.0.0
2023-05-16 09:32:29,489 [INFO] ThirdParty:1030 - CMSIS Pack Vendor :STMicroelectronics HAL Drivers 0.0.0
2023-05-16 09:32:29,489 [INFO] ThirdParty:1030 - CMSIS Pack Vendor :STMicroelectronics MBEDTLS 2.16.2
2023-05-16 09:32:29,489 [INFO] ThirdParty:1030 - CMSIS Pack Vendor :STMicroelectronics MBEDTLS 2.14.1
2023-05-16 09:32:29,489 [INFO] ThirdParty:1030 - CMSIS Pack Vendor :STMicroelectronics X-CUBE-NFC7 1.0.0
2023-05-16 09:32:29,489 [INFO] ThirdParty:1030 - CMSIS Pack Vendor :STMicroelectronics X-CUBE-AZRTOS-WL 1.0.0
2023-05-16 09:32:29,490 [INFO] ThirdParty:1030 - CMSIS Pack Vendor :STMicroelectronics X-CUBE-EEPRMA1 4.1.0
2023-05-16 09:32:29,490 [INFO] ThirdParty:1030 - CMSIS Pack Vendor :portGmbH I-Cube-SoM-uGOAL 1.1.0
2023-05-16 09:32:29,490 [INFO] ThirdParty:1030 - CMSIS Pack Vendor :STMicroelectronics X-CUBE-ALS 1.0.1
2023-05-16 09:32:29,490 [INFO] ThirdParty:1030 - CMSIS Pack Vendor :STMicroelectronics X-CUBE-MEMS1 9.5.0
2023-05-16 09:32:29,490 [INFO] ThirdParty:1030 - CMSIS Pack Vendor :STMicroelectronics ThreadX 1.0.0
2023-05-16 09:32:29,490 [INFO] ThirdParty:1030 - CMSIS Pack Vendor :STMicroelectronics X-CUBE-AZRTOS-WB 1.1.0
2023-05-16 09:32:29,490 [INFO] ThirdParty:1030 - CMSIS Pack Vendor :SEGGER I-CUBE-embOS 1.3.1
2023-05-16 09:32:29,490 [INFO] ThirdParty:1030 - CMSIS Pack Vendor :STMicroelectronics USB_DEVICE 1.0.0
2023-05-16 09:32:29,490 [INFO] ThirdParty:1030 - CMSIS Pack Vendor :STMicroelectronics ThreadX 0.0.2
2023-05-16 09:32:29,490 [INFO] ThirdParty:1030 - CMSIS Pack Vendor :WES I-CUBE-Cesium 1.3.0
2023-05-16 09:32:29,490 [INFO] ThirdParty:1030 - CMSIS Pack Vendor :STMicroelectronics FP-ATR-ASTRA1 2.0.0
2023-05-16 09:32:29,490 [INFO] ThirdParty:1030 - CMSIS Pack Vendor :STMicroelectronics lwIP 2.1.2
2023-05-16 09:32:29,491 [INFO] ThirdParty:1030 - CMSIS Pack Vendor :STMicroelectronics X-CUBE-SFXS2LP1 4.0.0
2023-05-16 09:32:29,491 [INFO] ThirdParty:1030 - CMSIS Pack Vendor :STMicroelectronics X-CUBE-BLE2 3.3.0
2023-05-16 09:32:29,491 [INFO] ThirdParty:1030 - CMSIS Pack Vendor :STMicroelectronics PDM2PCM 3.2.0
2023-05-16 09:32:29,491 [INFO] ThirdParty:841 - exiting critical section [change project]
2023-05-16 09:32:30,382 [INFO] PinOutPanel:1499 - setPackage(No Configuration,No Configuration)
2023-05-16 09:32:30,386 [INFO] PinOutPanel:1499 - setPackage(STM32F407VGTx,LQFP100)
2023-05-16 09:32:32,427 [INFO] UtilMem:75 - Before build in PCC Used Memory: 540483400 Bytes (651165696)
2023-05-16 09:32:34,033 [INFO] UtilMem:75 - After build in PCC Used Memory: 491517680 Bytes (651165696)
2023-05-16 09:32:34,213 [INFO] ApiDbMcu:507 - Load IP Config File for FREERTOS
2023-05-16 09:32:34,258 [INFO] IPUIPlugin:80 - create IPUIPlugin
2023-05-16 09:32:34,258 [INFO] IPUIPlugin:80 - create IPUIPlugin
2023-05-16 09:32:34,258 [INFO] IPUIPlugin:80 - create IPUIPlugin
2023-05-16 09:32:34,258 [INFO] IPUIPlugin:80 - create IPUIPlugin
2023-05-16 09:32:34,258 [INFO] IPUIPlugin:80 - create IPUIPlugin
2023-05-16 09:32:34,259 [INFO] IPUIPlugin:80 - create IPUIPlugin
2023-05-16 09:32:34,259 [INFO] IPUIPlugin:80 - create IPUIPlugin
2023-05-16 09:32:34,259 [INFO] IPUIPlugin:80 - create IPUIPlugin
2023-05-16 09:32:34,259 [INFO] IPUIPlugin:80 - create IPUIPlugin
2023-05-16 09:32:34,260 [INFO] IPUIPlugin:80 - create IPUIPlugin
2023-05-16 09:32:34,260 [INFO] IPUIPlugin:80 - create IPUIPlugin
2023-05-16 09:32:34,260 [INFO] IPUIPlugin:80 - create IPUIPlugin
2023-05-16 09:32:34,260 [INFO] IPUIPlugin:80 - create IPUIPlugin
2023-05-16 09:32:34,260 [INFO] IPUIPlugin:80 - create IPUIPlugin
2023-05-16 09:32:34,260 [INFO] IPUIPlugin:80 - create IPUIPlugin
2023-05-16 09:32:34,264 [INFO] IPUIPlugin:80 - create IPUIPlugin
2023-05-16 09:32:34,264 [INFO] IPUIPlugin:80 - create IPUIPlugin
2023-05-16 09:32:34,265 [INFO] IPUIPlugin:80 - create IPUIPlugin
2023-05-16 09:32:34,265 [INFO] IPUIPlugin:80 - create IPUIPlugin
2023-05-16 09:32:34,265 [INFO] IPUIPlugin:80 - create IPUIPlugin
2023-05-16 09:32:34,266 [INFO] IPUIPlugin:80 - create IPUIPlugin
2023-05-16 09:32:34,266 [INFO] IPUIPlugin:80 - create IPUIPlugin
2023-05-16 09:32:34,266 [INFO] IPUIPlugin:80 - create IPUIPlugin
2023-05-16 09:32:34,267 [INFO] IPUIPlugin:80 - create IPUIPlugin
2023-05-16 09:32:34,267 [INFO] IPUIPlugin:80 - create IPUIPlugin
2023-05-16 09:32:34,267 [INFO] IPUIPlugin:80 - create IPUIPlugin
2023-05-16 09:32:34,268 [INFO] IPUIPlugin:80 - create IPUIPlugin
2023-05-16 09:32:34,268 [INFO] IPUIPlugin:80 - create IPUIPlugin
2023-05-16 09:32:34,269 [INFO] IPUIPlugin:80 - create IPUIPlugin
2023-05-16 09:32:34,269 [INFO] IPUIPlugin:80 - create IPUIPlugin
2023-05-16 09:32:34,270 [INFO] IPUIPlugin:80 - create IPUIPlugin
2023-05-16 09:32:34,270 [INFO] IPUIPlugin:80 - create IPUIPlugin
2023-05-16 09:32:34,270 [INFO] IPUIPlugin:80 - create IPUIPlugin
2023-05-16 09:32:34,271 [INFO] IPUIPlugin:80 - create IPUIPlugin
2023-05-16 09:32:34,271 [INFO] IPUIPlugin:80 - create IPUIPlugin
2023-05-16 09:32:34,272 [INFO] IPUIPlugin:80 - create IPUIPlugin
2023-05-16 09:32:34,272 [INFO] IPUIPlugin:80 - create IPUIPlugin
2023-05-16 09:32:34,272 [INFO] IPUIPlugin:80 - create IPUIPlugin
2023-05-16 09:32:34,273 [INFO] IPUIPlugin:80 - create IPUIPlugin
2023-05-16 09:32:34,273 [INFO] IPUIPlugin:80 - create IPUIPlugin
2023-05-16 09:32:34,273 [INFO] IPUIPlugin:80 - create IPUIPlugin
2023-05-16 09:32:34,274 [INFO] IPUIPlugin:80 - create IPUIPlugin
2023-05-16 09:32:34,274 [INFO] IPUIPlugin:80 - create IPUIPlugin
2023-05-16 09:32:34,275 [INFO] IPUIPlugin:80 - create IPUIPlugin
2023-05-16 09:32:34,275 [INFO] IPUIPlugin:80 - create IPUIPlugin
2023-05-16 09:32:34,276 [INFO] IPUIPlugin:80 - create IPUIPlugin
2023-05-16 09:32:34,277 [INFO] IPUIPlugin:80 - create IPUIPlugin
2023-05-16 09:32:34,278 [INFO] IPUIPlugin:80 - create IPUIPlugin
2023-05-16 09:32:34,279 [INFO] IPUIPlugin:80 - create IPUIPlugin
2023-05-16 09:32:34,280 [INFO] IPUIPlugin:80 - create IPUIPlugin
2023-05-16 09:32:34,280 [INFO] IPUIPlugin:80 - create IPUIPlugin
2023-05-16 09:32:34,281 [INFO] IPUIPlugin:80 - create IPUIPlugin
2023-05-16 09:32:34,282 [INFO] IPUIPlugin:80 - create IPUIPlugin
2023-05-16 09:32:34,282 [INFO] IPUIPlugin:80 - create IPUIPlugin
2023-05-16 09:32:34,284 [INFO] IPUIPlugin:80 - create IPUIPlugin
2023-05-16 09:32:34,285 [INFO] IPUIPlugin:80 - create IPUIPlugin
2023-05-16 09:32:34,285 [INFO] IPUIPlugin:80 - create IPUIPlugin
2023-05-16 09:32:34,286 [INFO] IPUIPlugin:80 - create IPUIPlugin
2023-05-16 09:32:34,306 [INFO] ApiDbMcu:507 - Load IP Config File for PDM2PCM
2023-05-16 09:32:34,366 [WARN] FreeRTOS:1023 - Null or empty value: should not occur! (nothing added to the table)
2023-05-16 09:32:35,090 [INFO] CADModel:165 - CPN selected for project levelSTM32F407VGT6
2023-05-16 09:32:35,090 [INFO] CADModel:114 - Register for checkConnection events
2023-05-16 09:32:35,095 [INFO] RtosManager:697 - Active RTOS found at IOC load: FREERTOS [Cortex-M4NS]
2023-05-16 09:32:35,183 [INFO] OpenFileManager:328 - Restore cursor
2023-05-16 09:32:47,621 [INFO] NvicIntPanel:101 - NVIC parent = com.st.microxplorer.plugins.ip.nvic.MultiNvicIntPanel[,0,0,450x165,layout=javax.swing.BoxLayout,alignmentX=0.0,alignmentY=0.0,border=,flags=9,maximumSize=,minimumSize=,preferredSize=]
2023-05-16 09:34:03,161 [INFO] NvicIntPanel:101 - NVIC parent = com.st.microxplorer.plugins.ip.nvic.MultiNvicIntPanel[,0,0,0x0,invalid,layout=javax.swing.BoxLayout,alignmentX=0.0,alignmentY=0.0,border=,flags=9,maximumSize=,minimumSize=,preferredSize=]
2023-05-16 09:34:13,019 [INFO] NvicIntPanel:101 - NVIC parent = com.st.microxplorer.plugins.ip.nvic.MultiNvicIntPanel[,0,0,0x0,invalid,layout=javax.swing.BoxLayout,alignmentX=0.0,alignmentY=0.0,border=,flags=9,maximumSize=,minimumSize=,preferredSize=]
2023-05-16 09:34:17,813 [INFO] UtilMem:75 - End SaveConfig() Used Memory: 380957912 Bytes (651165696)
2023-05-16 09:34:20,015 [INFO] UtilMem:75 - End SaveConfig() Used Memory: 485052704 Bytes (651165696)
2023-05-16 09:34:20,796 [INFO] BlockDiagram:2759 - set Specific Code input for plugin: FREERTOS
2023-05-16 09:34:20,796 [INFO] BlockDiagram:2759 - set Specific Code input for plugin: SYS
2023-05-16 09:34:20,796 [INFO] BlockDiagram:2759 - set Specific Code input for plugin: ADC
2023-05-16 09:34:20,796 [INFO] BlockDiagram:2759 - set Specific Code input for plugin: RCC
2023-05-16 09:34:20,796 [INFO] BlockDiagram:2759 - set Specific Code input for plugin: NVIC
2023-05-16 09:34:20,796 [INFO] BlockDiagram:2759 - set Specific Code input for plugin: USART
2023-05-16 09:34:20,796 [INFO] BlockDiagram:2759 - set Specific Code input for plugin: TIM1_8
2023-05-16 09:34:20,797 [INFO] BlockDiagram:2759 - set Specific Code input for plugin: GPIO
2023-05-16 09:34:20,800 [INFO] CodeGenerator:793 - code generatio: config db path: C:\ST\STM32CubeIDE_1.12.0\STM32CubeIDE\plugins\com.st.stm32cube.common.mx_6.8.1.202304191431\\db\
2023-05-16 09:34:21,420 [INFO] CodeEngine:255 - oldGeneratedFile, C:\Users\mehmet.sahin\Desktop\BOOKS\Embedded_Systems\FreeRTOS\Mastering_the_FreeRTOS_Real_Time_Kernel\ST_Workspace\043_FreeRTOS_Run_Time_STATS\MXTmpFiles\license.tmp_save
2023-05-16 09:34:22,124 [INFO] CodeEngine:279 - Generated code: C:\Users\mehmet.sahin\Desktop\BOOKS\Embedded_Systems\FreeRTOS\Mastering_the_FreeRTOS_Real_Time_Kernel\ST_Workspace\043_FreeRTOS_Run_Time_STATS\MXTmpFiles\license.tmp
2023-05-16 09:34:22,279 [INFO] CodeEngine:255 - oldGeneratedFile, C:\Users\mehmet.sahin\Desktop\BOOKS\Embedded_Systems\FreeRTOS\Mastering_the_FreeRTOS_Real_Time_Kernel\ST_Workspace\043_FreeRTOS_Run_Time_STATS\MXTmpFiles\gpio.tmp_save
2023-05-16 09:34:22,591 [INFO] CodeEngine:279 - Generated code: C:\Users\mehmet.sahin\Desktop\BOOKS\Embedded_Systems\FreeRTOS\Mastering_the_FreeRTOS_Real_Time_Kernel\ST_Workspace\043_FreeRTOS_Run_Time_STATS\MXTmpFiles\gpio.tmp
2023-05-16 09:34:23,042 [INFO] Middleware:1439 - No code input for Bsp Dependency
2023-05-16 09:34:23,057 [INFO] CodeEngine:255 - oldGeneratedFile, C:\Users\mehmet.sahin\Desktop\BOOKS\Embedded_Systems\FreeRTOS\Mastering_the_FreeRTOS_Real_Time_Kernel\ST_Workspace\043_FreeRTOS_Run_Time_STATS\MXTmpFiles\rtos_inc.tmp_save
2023-05-16 09:34:23,325 [INFO] CodeEngine:279 - Generated code: C:\Users\mehmet.sahin\Desktop\BOOKS\Embedded_Systems\FreeRTOS\Mastering_the_FreeRTOS_Real_Time_Kernel\ST_Workspace\043_FreeRTOS_Run_Time_STATS\MXTmpFiles\rtos_inc.tmp
2023-05-16 09:34:23,335 [INFO] CodeEngine:255 - oldGeneratedFile, C:\Users\mehmet.sahin\Desktop\BOOKS\Embedded_Systems\FreeRTOS\Mastering_the_FreeRTOS_Real_Time_Kernel\ST_Workspace\043_FreeRTOS_Run_Time_STATS\MXTmpFiles\rtos_kernelInit.tmp_save
2023-05-16 09:34:23,526 [INFO] CodeEngine:279 - Generated code: C:\Users\mehmet.sahin\Desktop\BOOKS\Embedded_Systems\FreeRTOS\Mastering_the_FreeRTOS_Real_Time_Kernel\ST_Workspace\043_FreeRTOS_Run_Time_STATS\MXTmpFiles\rtos_kernelInit.tmp
2023-05-16 09:34:23,536 [INFO] CodeEngine:255 - oldGeneratedFile, C:\Users\mehmet.sahin\Desktop\BOOKS\Embedded_Systems\FreeRTOS\Mastering_the_FreeRTOS_Real_Time_Kernel\ST_Workspace\043_FreeRTOS_Run_Time_STATS\MXTmpFiles\rtos_kernelStart.tmp_save
2023-05-16 09:34:23,709 [INFO] CodeEngine:279 - Generated code: C:\Users\mehmet.sahin\Desktop\BOOKS\Embedded_Systems\FreeRTOS\Mastering_the_FreeRTOS_Real_Time_Kernel\ST_Workspace\043_FreeRTOS_Run_Time_STATS\MXTmpFiles\rtos_kernelStart.tmp
2023-05-16 09:34:23,718 [INFO] CodeEngine:255 - oldGeneratedFile, C:\Users\mehmet.sahin\Desktop\BOOKS\Embedded_Systems\FreeRTOS\Mastering_the_FreeRTOS_Real_Time_Kernel\ST_Workspace\043_FreeRTOS_Run_Time_STATS\MXTmpFiles\rtos_typedefs.tmp_save
2023-05-16 09:34:23,891 [INFO] CodeEngine:279 - Generated code: C:\Users\mehmet.sahin\Desktop\BOOKS\Embedded_Systems\FreeRTOS\Mastering_the_FreeRTOS_Real_Time_Kernel\ST_Workspace\043_FreeRTOS_Run_Time_STATS\MXTmpFiles\rtos_typedefs.tmp
2023-05-16 09:34:23,899 [INFO] CodeEngine:255 - oldGeneratedFile, C:\Users\mehmet.sahin\Desktop\BOOKS\Embedded_Systems\FreeRTOS\Mastering_the_FreeRTOS_Real_Time_Kernel\ST_Workspace\043_FreeRTOS_Run_Time_STATS\MXTmpFiles\rtos_vars.tmp_save
2023-05-16 09:34:24,065 [INFO] CodeEngine:279 - Generated code: C:\Users\mehmet.sahin\Desktop\BOOKS\Embedded_Systems\FreeRTOS\Mastering_the_FreeRTOS_Real_Time_Kernel\ST_Workspace\043_FreeRTOS_Run_Time_STATS\MXTmpFiles\rtos_vars.tmp
2023-05-16 09:34:24,073 [INFO] CodeEngine:255 - oldGeneratedFile, C:\Users\mehmet.sahin\Desktop\BOOKS\Embedded_Systems\FreeRTOS\Mastering_the_FreeRTOS_Real_Time_Kernel\ST_Workspace\043_FreeRTOS_Run_Time_STATS\MXTmpFiles\rtos_pfp.tmp_save
2023-05-16 09:34:24,208 [INFO] CodeEngine:279 - Generated code: C:\Users\mehmet.sahin\Desktop\BOOKS\Embedded_Systems\FreeRTOS\Mastering_the_FreeRTOS_Real_Time_Kernel\ST_Workspace\043_FreeRTOS_Run_Time_STATS\MXTmpFiles\rtos_pfp.tmp
2023-05-16 09:34:24,219 [INFO] CodeEngine:255 - oldGeneratedFile, C:\Users\mehmet.sahin\Desktop\BOOKS\Embedded_Systems\FreeRTOS\Mastering_the_FreeRTOS_Real_Time_Kernel\ST_Workspace\043_FreeRTOS_Run_Time_STATS\MXTmpFiles\rtos_obj_creat.tmp_save
2023-05-16 09:34:24,326 [INFO] CodeEngine:279 - Generated code: C:\Users\mehmet.sahin\Desktop\BOOKS\Embedded_Systems\FreeRTOS\Mastering_the_FreeRTOS_Real_Time_Kernel\ST_Workspace\043_FreeRTOS_Run_Time_STATS\MXTmpFiles\rtos_obj_creat.tmp
2023-05-16 09:34:24,334 [INFO] CodeEngine:255 - oldGeneratedFile, C:\Users\mehmet.sahin\Desktop\BOOKS\Embedded_Systems\FreeRTOS\Mastering_the_FreeRTOS_Real_Time_Kernel\ST_Workspace\043_FreeRTOS_Run_Time_STATS\MXTmpFiles\rtos_default_thread.tmp_save
2023-05-16 09:34:24,440 [INFO] CodeEngine:279 - Generated code: C:\Users\mehmet.sahin\Desktop\BOOKS\Embedded_Systems\FreeRTOS\Mastering_the_FreeRTOS_Real_Time_Kernel\ST_Workspace\043_FreeRTOS_Run_Time_STATS\MXTmpFiles\rtos_default_thread.tmp
2023-05-16 09:34:24,447 [INFO] CodeEngine:255 - oldGeneratedFile, C:\Users\mehmet.sahin\Desktop\BOOKS\Embedded_Systems\FreeRTOS\Mastering_the_FreeRTOS_Real_Time_Kernel\ST_Workspace\043_FreeRTOS_Run_Time_STATS\MXTmpFiles\rtos_threads.tmp_save
2023-05-16 09:34:24,542 [INFO] CodeEngine:279 - Generated code: C:\Users\mehmet.sahin\Desktop\BOOKS\Embedded_Systems\FreeRTOS\Mastering_the_FreeRTOS_Real_Time_Kernel\ST_Workspace\043_FreeRTOS_Run_Time_STATS\MXTmpFiles\rtos_threads.tmp
2023-05-16 09:34:24,567 [INFO] Middleware:1439 - No code input for Bsp Dependency
2023-05-16 09:34:24,581 [INFO] CodeEngine:255 - oldGeneratedFile, C:\Users\mehmet.sahin\Desktop\BOOKS\Embedded_Systems\FreeRTOS\Mastering_the_FreeRTOS_Real_Time_Kernel\ST_Workspace\043_FreeRTOS_Run_Time_STATS\MXTmpFiles\rtos_inc.tmp_save
2023-05-16 09:34:24,732 [INFO] CodeEngine:279 - Generated code: C:\Users\mehmet.sahin\Desktop\BOOKS\Embedded_Systems\FreeRTOS\Mastering_the_FreeRTOS_Real_Time_Kernel\ST_Workspace\043_FreeRTOS_Run_Time_STATS\MXTmpFiles\rtos_inc.tmp
2023-05-16 09:34:24,741 [INFO] CodeEngine:255 - oldGeneratedFile, C:\Users\mehmet.sahin\Desktop\BOOKS\Embedded_Systems\FreeRTOS\Mastering_the_FreeRTOS_Real_Time_Kernel\ST_Workspace\043_FreeRTOS_Run_Time_STATS\MXTmpFiles\rtos_kernelInit.tmp_save
2023-05-16 09:34:24,872 [INFO] CodeEngine:279 - Generated code: C:\Users\mehmet.sahin\Desktop\BOOKS\Embedded_Systems\FreeRTOS\Mastering_the_FreeRTOS_Real_Time_Kernel\ST_Workspace\043_FreeRTOS_Run_Time_STATS\MXTmpFiles\rtos_kernelInit.tmp
2023-05-16 09:34:24,881 [INFO] CodeEngine:255 - oldGeneratedFile, C:\Users\mehmet.sahin\Desktop\BOOKS\Embedded_Systems\FreeRTOS\Mastering_the_FreeRTOS_Real_Time_Kernel\ST_Workspace\043_FreeRTOS_Run_Time_STATS\MXTmpFiles\rtos_kernelStart.tmp_save
2023-05-16 09:34:24,986 [INFO] CodeEngine:279 - Generated code: C:\Users\mehmet.sahin\Desktop\BOOKS\Embedded_Systems\FreeRTOS\Mastering_the_FreeRTOS_Real_Time_Kernel\ST_Workspace\043_FreeRTOS_Run_Time_STATS\MXTmpFiles\rtos_kernelStart.tmp
2023-05-16 09:34:24,996 [INFO] CodeEngine:255 - oldGeneratedFile, C:\Users\mehmet.sahin\Desktop\BOOKS\Embedded_Systems\FreeRTOS\Mastering_the_FreeRTOS_Real_Time_Kernel\ST_Workspace\043_FreeRTOS_Run_Time_STATS\MXTmpFiles\rtos_typedefs.tmp_save
2023-05-16 09:34:25,094 [INFO] CodeEngine:279 - Generated code: C:\Users\mehmet.sahin\Desktop\BOOKS\Embedded_Systems\FreeRTOS\Mastering_the_FreeRTOS_Real_Time_Kernel\ST_Workspace\043_FreeRTOS_Run_Time_STATS\MXTmpFiles\rtos_typedefs.tmp
2023-05-16 09:34:25,111 [INFO] CodeEngine:255 - oldGeneratedFile, C:\Users\mehmet.sahin\Desktop\BOOKS\Embedded_Systems\FreeRTOS\Mastering_the_FreeRTOS_Real_Time_Kernel\ST_Workspace\043_FreeRTOS_Run_Time_STATS\MXTmpFiles\rtos_vars.tmp_save
2023-05-16 09:34:25,213 [INFO] CodeEngine:279 - Generated code: C:\Users\mehmet.sahin\Desktop\BOOKS\Embedded_Systems\FreeRTOS\Mastering_the_FreeRTOS_Real_Time_Kernel\ST_Workspace\043_FreeRTOS_Run_Time_STATS\MXTmpFiles\rtos_vars.tmp
2023-05-16 09:34:25,222 [INFO] CodeEngine:255 - oldGeneratedFile, C:\Users\mehmet.sahin\Desktop\BOOKS\Embedded_Systems\FreeRTOS\Mastering_the_FreeRTOS_Real_Time_Kernel\ST_Workspace\043_FreeRTOS_Run_Time_STATS\MXTmpFiles\rtos_pfp.tmp_save
2023-05-16 09:34:25,374 [INFO] CodeEngine:279 - Generated code: C:\Users\mehmet.sahin\Desktop\BOOKS\Embedded_Systems\FreeRTOS\Mastering_the_FreeRTOS_Real_Time_Kernel\ST_Workspace\043_FreeRTOS_Run_Time_STATS\MXTmpFiles\rtos_pfp.tmp
2023-05-16 09:34:25,396 [INFO] CodeEngine:255 - oldGeneratedFile, C:\Users\mehmet.sahin\Desktop\BOOKS\Embedded_Systems\FreeRTOS\Mastering_the_FreeRTOS_Real_Time_Kernel\ST_Workspace\043_FreeRTOS_Run_Time_STATS\MXTmpFiles\rtos_obj_creat.tmp_save
2023-05-16 09:34:25,532 [INFO] CodeEngine:279 - Generated code: C:\Users\mehmet.sahin\Desktop\BOOKS\Embedded_Systems\FreeRTOS\Mastering_the_FreeRTOS_Real_Time_Kernel\ST_Workspace\043_FreeRTOS_Run_Time_STATS\MXTmpFiles\rtos_obj_creat.tmp
2023-05-16 09:34:25,542 [INFO] CodeEngine:255 - oldGeneratedFile, C:\Users\mehmet.sahin\Desktop\BOOKS\Embedded_Systems\FreeRTOS\Mastering_the_FreeRTOS_Real_Time_Kernel\ST_Workspace\043_FreeRTOS_Run_Time_STATS\MXTmpFiles\rtos_default_thread.tmp_save
2023-05-16 09:34:25,696 [INFO] CodeEngine:279 - Generated code: C:\Users\mehmet.sahin\Desktop\BOOKS\Embedded_Systems\FreeRTOS\Mastering_the_FreeRTOS_Real_Time_Kernel\ST_Workspace\043_FreeRTOS_Run_Time_STATS\MXTmpFiles\rtos_default_thread.tmp
2023-05-16 09:34:25,704 [INFO] CodeEngine:255 - oldGeneratedFile, C:\Users\mehmet.sahin\Desktop\BOOKS\Embedded_Systems\FreeRTOS\Mastering_the_FreeRTOS_Real_Time_Kernel\ST_Workspace\043_FreeRTOS_Run_Time_STATS\MXTmpFiles\rtos_threads.tmp_save
2023-05-16 09:34:25,794 [INFO] CodeEngine:279 - Generated code: C:\Users\mehmet.sahin\Desktop\BOOKS\Embedded_Systems\FreeRTOS\Mastering_the_FreeRTOS_Real_Time_Kernel\ST_Workspace\043_FreeRTOS_Run_Time_STATS\MXTmpFiles\rtos_threads.tmp
2023-05-16 09:34:25,840 [INFO] CodeEngine:255 - oldGeneratedFile, C:\Users\mehmet.sahin\Desktop\BOOKS\Embedded_Systems\FreeRTOS\Mastering_the_FreeRTOS_Real_Time_Kernel\ST_Workspace\043_FreeRTOS_Run_Time_STATS\Core\Inc\FreeRTOSConfig.h_save
2023-05-16 09:34:26,062 [INFO] CodeEngine:279 - Generated code: C:\Users\mehmet.sahin\Desktop\BOOKS\Embedded_Systems\FreeRTOS\Mastering_the_FreeRTOS_Real_Time_Kernel\ST_Workspace\043_FreeRTOS_Run_Time_STATS\Core\Inc\FreeRTOSConfig.h
2023-05-16 09:34:26,093 [INFO] CodeEngine:255 - oldGeneratedFile, C:\Users\mehmet.sahin\Desktop\BOOKS\Embedded_Systems\FreeRTOS\Mastering_the_FreeRTOS_Real_Time_Kernel\ST_Workspace\043_FreeRTOS_Run_Time_STATS\Core\Src\freertos.c_save
2023-05-16 09:34:26,267 [INFO] CodeEngine:279 - Generated code: C:\Users\mehmet.sahin\Desktop\BOOKS\Embedded_Systems\FreeRTOS\Mastering_the_FreeRTOS_Real_Time_Kernel\ST_Workspace\043_FreeRTOS_Run_Time_STATS\Core\Src\freertos.c
2023-05-16 09:34:26,343 [INFO] CodeEngine:255 - oldGeneratedFile, C:\Users\mehmet.sahin\Desktop\BOOKS\Embedded_Systems\FreeRTOS\Mastering_the_FreeRTOS_Real_Time_Kernel\ST_Workspace\043_FreeRTOS_Run_Time_STATS\Core\Src\stm32f4xx_it.c_save
2023-05-16 09:34:26,608 [INFO] CodeEngine:279 - Generated code: C:\Users\mehmet.sahin\Desktop\BOOKS\Embedded_Systems\FreeRTOS\Mastering_the_FreeRTOS_Real_Time_Kernel\ST_Workspace\043_FreeRTOS_Run_Time_STATS\Core\Src\stm32f4xx_it.c
2023-05-16 09:34:26,619 [INFO] CodeEngine:255 - oldGeneratedFile, C:\Users\mehmet.sahin\Desktop\BOOKS\Embedded_Systems\FreeRTOS\Mastering_the_FreeRTOS_Real_Time_Kernel\ST_Workspace\043_FreeRTOS_Run_Time_STATS\Core\Inc\stm32f4xx_it.h_save
2023-05-16 09:34:26,775 [INFO] CodeEngine:279 - Generated code: C:\Users\mehmet.sahin\Desktop\BOOKS\Embedded_Systems\FreeRTOS\Mastering_the_FreeRTOS_Real_Time_Kernel\ST_Workspace\043_FreeRTOS_Run_Time_STATS\Core\Inc\stm32f4xx_it.h
2023-05-16 09:34:26,819 [INFO] CodeEngine:255 - oldGeneratedFile, C:\Users\mehmet.sahin\Desktop\BOOKS\Embedded_Systems\FreeRTOS\Mastering_the_FreeRTOS_Real_Time_Kernel\ST_Workspace\043_FreeRTOS_Run_Time_STATS\Core\Src\stm32f4xx_hal_msp.c_save
2023-05-16 09:34:27,096 [INFO] CodeEngine:279 - Generated code: C:\Users\mehmet.sahin\Desktop\BOOKS\Embedded_Systems\FreeRTOS\Mastering_the_FreeRTOS_Real_Time_Kernel\ST_Workspace\043_FreeRTOS_Run_Time_STATS\Core\Src\stm32f4xx_hal_msp.c
2023-05-16 09:34:27,105 [INFO] CodeEngine:255 - oldGeneratedFile, C:\Users\mehmet.sahin\Desktop\BOOKS\Embedded_Systems\FreeRTOS\Mastering_the_FreeRTOS_Real_Time_Kernel\ST_Workspace\043_FreeRTOS_Run_Time_STATS\MXTmpFiles\system.tmp_save
2023-05-16 09:34:27,218 [INFO] CodeEngine:279 - Generated code: C:\Users\mehmet.sahin\Desktop\BOOKS\Embedded_Systems\FreeRTOS\Mastering_the_FreeRTOS_Real_Time_Kernel\ST_Workspace\043_FreeRTOS_Run_Time_STATS\MXTmpFiles\system.tmp
2023-05-16 09:34:27,235 [INFO] CodeEngine:255 - oldGeneratedFile, C:\Users\mehmet.sahin\Desktop\BOOKS\Embedded_Systems\FreeRTOS\Mastering_the_FreeRTOS_Real_Time_Kernel\ST_Workspace\043_FreeRTOS_Run_Time_STATS\Core\Src\stm32f4xx_hal_timebase_tim.c_save
2023-05-16 09:34:27,366 [INFO] CodeEngine:279 - Generated code: C:\Users\mehmet.sahin\Desktop\BOOKS\Embedded_Systems\FreeRTOS\Mastering_the_FreeRTOS_Real_Time_Kernel\ST_Workspace\043_FreeRTOS_Run_Time_STATS\Core\Src\stm32f4xx_hal_timebase_tim.c
2023-05-16 09:34:27,413 [INFO] CodeEngine:311 - oldGeneratedFile, C:\Users\mehmet.sahin\Desktop\BOOKS\Embedded_Systems\FreeRTOS\Mastering_the_FreeRTOS_Real_Time_Kernel\ST_Workspace\043_FreeRTOS_Run_Time_STATS\Core\Inc\stm32f4xx_hal_conf.h_save
2023-05-16 09:34:27,617 [INFO] CodeEngine:335 - Generated code: C:\Users\mehmet.sahin\Desktop\BOOKS\Embedded_Systems\FreeRTOS\Mastering_the_FreeRTOS_Real_Time_Kernel\ST_Workspace\043_FreeRTOS_Run_Time_STATS\Core\Inc\stm32f4xx_hal_conf.h
2023-05-16 09:34:27,688 [WARN] IPConfigManager:3431 - IP not found : TIM
2023-05-16 09:34:27,692 [WARN] CodeGenerator:3754 - IP not found : null
2023-05-16 09:34:27,727 [INFO] CodeEngine:255 - oldGeneratedFile, C:\Users\mehmet.sahin\Desktop\BOOKS\Embedded_Systems\FreeRTOS\Mastering_the_FreeRTOS_Real_Time_Kernel\ST_Workspace\043_FreeRTOS_Run_Time_STATS\Core\Inc\main.h_save
2023-05-16 09:34:27,899 [INFO] CodeEngine:279 - Generated code: C:\Users\mehmet.sahin\Desktop\BOOKS\Embedded_Systems\FreeRTOS\Mastering_the_FreeRTOS_Real_Time_Kernel\ST_Workspace\043_FreeRTOS_Run_Time_STATS\Core\Inc\main.h
2023-05-16 09:34:27,927 [INFO] CodeEngine:255 - oldGeneratedFile, C:\Users\mehmet.sahin\Desktop\BOOKS\Embedded_Systems\FreeRTOS\Mastering_the_FreeRTOS_Real_Time_Kernel\ST_Workspace\043_FreeRTOS_Run_Time_STATS\Core\Src\main.c_save
2023-05-16 09:34:28,238 [INFO] CodeEngine:279 - Generated code: C:\Users\mehmet.sahin\Desktop\BOOKS\Embedded_Systems\FreeRTOS\Mastering_the_FreeRTOS_Real_Time_Kernel\ST_Workspace\043_FreeRTOS_Run_Time_STATS\Core\Src\main.c
2023-05-16 09:34:30,442 [INFO] ProjectBuilder:2996 - Time for Copy HAL[1] : 721mS.
2023-05-16 09:34:30,473 [INFO] ProjectBuilder:4304 - Project Generator version: 3.19.2
2023-05-16 09:34:31,159 [INFO] ConfigFileManager:1483 - The Die is : DIE413
2023-05-16 09:34:31,171 [INFO] ApiDbMcu:507 - Load IP Config File for FATFS
2023-05-16 09:34:31,175 [INFO] ApiDbMcu:507 - Load IP Config File for LIBJPEG
2023-05-16 09:34:31,187 [INFO] ApiDbMcu:507 - Load IP Config File for LWIP
2023-05-16 09:34:31,197 [INFO] ApiDbMcu:507 - Load IP Config File for MBEDTLS
2023-05-16 09:34:31,213 [INFO] ApiDbMcu:507 - Load IP Config File for USB_DEVICE
2023-05-16 09:34:31,221 [INFO] ApiDbMcu:507 - Load IP Config File for USB_HOST
2023-05-16 09:34:32,824 [INFO] LogOutputStream:77 - [STDOUT_REDIRECT] 
2023-05-16 09:34:36,042 [INFO] ProjectBuilder:4505 - Time for Generating toolchain IDE Files: 5568mS.
2023-05-16 09:34:36,043 [INFO] ProjectBuilder:2867 - Time for Copy CMSIS : 1mS.
2023-05-16 09:34:36,135 [INFO] ProjectBuilder:2867 - Time for Copy CMSIS : 1mS.
2023-05-16 09:35:05,891 [INFO] UtilMem:75 - End SaveConfig() Used Memory: 475933696 Bytes (668991488)
2023-05-16 09:35:06,537 [INFO] BlockDiagram:2759 - set Specific Code input for plugin: FREERTOS
2023-05-16 09:35:06,538 [INFO] BlockDiagram:2759 - set Specific Code input for plugin: SYS
2023-05-16 09:35:06,538 [INFO] BlockDiagram:2759 - set Specific Code input for plugin: ADC
2023-05-16 09:35:06,538 [INFO] BlockDiagram:2759 - set Specific Code input for plugin: RCC
2023-05-16 09:35:06,539 [INFO] BlockDiagram:2759 - set Specific Code input for plugin: NVIC
2023-05-16 09:35:06,548 [INFO] BlockDiagram:2759 - set Specific Code input for plugin: USART
2023-05-16 09:35:06,549 [INFO] BlockDiagram:2759 - set Specific Code input for plugin: TIM1_8
2023-05-16 09:35:06,549 [INFO] BlockDiagram:2759 - set Specific Code input for plugin: GPIO
2023-05-16 09:35:06,550 [INFO] CodeGenerator:793 - code generatio: config db path: C:\ST\STM32CubeIDE_1.12.0\STM32CubeIDE\plugins\com.st.stm32cube.common.mx_6.8.1.202304191431\\db\
2023-05-16 09:35:06,983 [INFO] CodeEngine:255 - oldGeneratedFile, C:\Users\mehmet.sahin\Desktop\BOOKS\Embedded_Systems\FreeRTOS\Mastering_the_FreeRTOS_Real_Time_Kernel\ST_Workspace\043_FreeRTOS_Run_Time_STATS\MXTmpFiles\license.tmp_save
2023-05-16 09:35:07,183 [INFO] CodeEngine:279 - Generated code: C:\Users\mehmet.sahin\Desktop\BOOKS\Embedded_Systems\FreeRTOS\Mastering_the_FreeRTOS_Real_Time_Kernel\ST_Workspace\043_FreeRTOS_Run_Time_STATS\MXTmpFiles\license.tmp
2023-05-16 09:35:07,227 [INFO] CodeEngine:255 - oldGeneratedFile, C:\Users\mehmet.sahin\Desktop\BOOKS\Embedded_Systems\FreeRTOS\Mastering_the_FreeRTOS_Real_Time_Kernel\ST_Workspace\043_FreeRTOS_Run_Time_STATS\MXTmpFiles\gpio.tmp_save
2023-05-16 09:35:07,457 [INFO] CodeEngine:279 - Generated code: C:\Users\mehmet.sahin\Desktop\BOOKS\Embedded_Systems\FreeRTOS\Mastering_the_FreeRTOS_Real_Time_Kernel\ST_Workspace\043_FreeRTOS_Run_Time_STATS\MXTmpFiles\gpio.tmp
2023-05-16 09:35:07,894 [INFO] Middleware:1439 - No code input for Bsp Dependency
2023-05-16 09:35:07,922 [INFO] CodeEngine:255 - oldGeneratedFile, C:\Users\mehmet.sahin\Desktop\BOOKS\Embedded_Systems\FreeRTOS\Mastering_the_FreeRTOS_Real_Time_Kernel\ST_Workspace\043_FreeRTOS_Run_Time_STATS\MXTmpFiles\rtos_inc.tmp_save
2023-05-16 09:35:08,225 [INFO] CodeEngine:279 - Generated code: C:\Users\mehmet.sahin\Desktop\BOOKS\Embedded_Systems\FreeRTOS\Mastering_the_FreeRTOS_Real_Time_Kernel\ST_Workspace\043_FreeRTOS_Run_Time_STATS\MXTmpFiles\rtos_inc.tmp
2023-05-16 09:35:08,231 [INFO] CodeEngine:255 - oldGeneratedFile, C:\Users\mehmet.sahin\Desktop\BOOKS\Embedded_Systems\FreeRTOS\Mastering_the_FreeRTOS_Real_Time_Kernel\ST_Workspace\043_FreeRTOS_Run_Time_STATS\MXTmpFiles\rtos_kernelInit.tmp_save
2023-05-16 09:35:08,790 [INFO] CodeEngine:279 - Generated code: C:\Users\mehmet.sahin\Desktop\BOOKS\Embedded_Systems\FreeRTOS\Mastering_the_FreeRTOS_Real_Time_Kernel\ST_Workspace\043_FreeRTOS_Run_Time_STATS\MXTmpFiles\rtos_kernelInit.tmp
2023-05-16 09:35:08,795 [INFO] CodeEngine:255 - oldGeneratedFile, C:\Users\mehmet.sahin\Desktop\BOOKS\Embedded_Systems\FreeRTOS\Mastering_the_FreeRTOS_Real_Time_Kernel\ST_Workspace\043_FreeRTOS_Run_Time_STATS\MXTmpFiles\rtos_kernelStart.tmp_save
2023-05-16 09:35:08,959 [INFO] CodeEngine:279 - Generated code: C:\Users\mehmet.sahin\Desktop\BOOKS\Embedded_Systems\FreeRTOS\Mastering_the_FreeRTOS_Real_Time_Kernel\ST_Workspace\043_FreeRTOS_Run_Time_STATS\MXTmpFiles\rtos_kernelStart.tmp
2023-05-16 09:35:08,966 [INFO] CodeEngine:255 - oldGeneratedFile, C:\Users\mehmet.sahin\Desktop\BOOKS\Embedded_Systems\FreeRTOS\Mastering_the_FreeRTOS_Real_Time_Kernel\ST_Workspace\043_FreeRTOS_Run_Time_STATS\MXTmpFiles\rtos_typedefs.tmp_save
2023-05-16 09:35:09,119 [INFO] CodeEngine:279 - Generated code: C:\Users\mehmet.sahin\Desktop\BOOKS\Embedded_Systems\FreeRTOS\Mastering_the_FreeRTOS_Real_Time_Kernel\ST_Workspace\043_FreeRTOS_Run_Time_STATS\MXTmpFiles\rtos_typedefs.tmp
2023-05-16 09:35:09,124 [INFO] CodeEngine:255 - oldGeneratedFile, C:\Users\mehmet.sahin\Desktop\BOOKS\Embedded_Systems\FreeRTOS\Mastering_the_FreeRTOS_Real_Time_Kernel\ST_Workspace\043_FreeRTOS_Run_Time_STATS\MXTmpFiles\rtos_vars.tmp_save
2023-05-16 09:35:09,313 [INFO] CodeEngine:279 - Generated code: C:\Users\mehmet.sahin\Desktop\BOOKS\Embedded_Systems\FreeRTOS\Mastering_the_FreeRTOS_Real_Time_Kernel\ST_Workspace\043_FreeRTOS_Run_Time_STATS\MXTmpFiles\rtos_vars.tmp
2023-05-16 09:35:09,319 [INFO] CodeEngine:255 - oldGeneratedFile, C:\Users\mehmet.sahin\Desktop\BOOKS\Embedded_Systems\FreeRTOS\Mastering_the_FreeRTOS_Real_Time_Kernel\ST_Workspace\043_FreeRTOS_Run_Time_STATS\MXTmpFiles\rtos_pfp.tmp_save
2023-05-16 09:35:09,481 [INFO] CodeEngine:279 - Generated code: C:\Users\mehmet.sahin\Desktop\BOOKS\Embedded_Systems\FreeRTOS\Mastering_the_FreeRTOS_Real_Time_Kernel\ST_Workspace\043_FreeRTOS_Run_Time_STATS\MXTmpFiles\rtos_pfp.tmp
2023-05-16 09:35:09,487 [INFO] CodeEngine:255 - oldGeneratedFile, C:\Users\mehmet.sahin\Desktop\BOOKS\Embedded_Systems\FreeRTOS\Mastering_the_FreeRTOS_Real_Time_Kernel\ST_Workspace\043_FreeRTOS_Run_Time_STATS\MXTmpFiles\rtos_obj_creat.tmp_save
2023-05-16 09:35:09,626 [INFO] CodeEngine:279 - Generated code: C:\Users\mehmet.sahin\Desktop\BOOKS\Embedded_Systems\FreeRTOS\Mastering_the_FreeRTOS_Real_Time_Kernel\ST_Workspace\043_FreeRTOS_Run_Time_STATS\MXTmpFiles\rtos_obj_creat.tmp
2023-05-16 09:35:09,631 [INFO] CodeEngine:255 - oldGeneratedFile, C:\Users\mehmet.sahin\Desktop\BOOKS\Embedded_Systems\FreeRTOS\Mastering_the_FreeRTOS_Real_Time_Kernel\ST_Workspace\043_FreeRTOS_Run_Time_STATS\MXTmpFiles\rtos_default_thread.tmp_save
2023-05-16 09:35:09,777 [INFO] CodeEngine:279 - Generated code: C:\Users\mehmet.sahin\Desktop\BOOKS\Embedded_Systems\FreeRTOS\Mastering_the_FreeRTOS_Real_Time_Kernel\ST_Workspace\043_FreeRTOS_Run_Time_STATS\MXTmpFiles\rtos_default_thread.tmp
2023-05-16 09:35:09,782 [INFO] CodeEngine:255 - oldGeneratedFile, C:\Users\mehmet.sahin\Desktop\BOOKS\Embedded_Systems\FreeRTOS\Mastering_the_FreeRTOS_Real_Time_Kernel\ST_Workspace\043_FreeRTOS_Run_Time_STATS\MXTmpFiles\rtos_threads.tmp_save
2023-05-16 09:35:09,949 [INFO] CodeEngine:279 - Generated code: C:\Users\mehmet.sahin\Desktop\BOOKS\Embedded_Systems\FreeRTOS\Mastering_the_FreeRTOS_Real_Time_Kernel\ST_Workspace\043_FreeRTOS_Run_Time_STATS\MXTmpFiles\rtos_threads.tmp
2023-05-16 09:35:09,972 [INFO] Middleware:1439 - No code input for Bsp Dependency
2023-05-16 09:35:09,985 [INFO] CodeEngine:255 - oldGeneratedFile, C:\Users\mehmet.sahin\Desktop\BOOKS\Embedded_Systems\FreeRTOS\Mastering_the_FreeRTOS_Real_Time_Kernel\ST_Workspace\043_FreeRTOS_Run_Time_STATS\MXTmpFiles\rtos_inc.tmp_save
2023-05-16 09:35:10,105 [INFO] CodeEngine:279 - Generated code: C:\Users\mehmet.sahin\Desktop\BOOKS\Embedded_Systems\FreeRTOS\Mastering_the_FreeRTOS_Real_Time_Kernel\ST_Workspace\043_FreeRTOS_Run_Time_STATS\MXTmpFiles\rtos_inc.tmp
2023-05-16 09:35:10,113 [INFO] CodeEngine:255 - oldGeneratedFile, C:\Users\mehmet.sahin\Desktop\BOOKS\Embedded_Systems\FreeRTOS\Mastering_the_FreeRTOS_Real_Time_Kernel\ST_Workspace\043_FreeRTOS_Run_Time_STATS\MXTmpFiles\rtos_kernelInit.tmp_save
2023-05-16 09:35:10,185 [INFO] CodeEngine:279 - Generated code: C:\Users\mehmet.sahin\Desktop\BOOKS\Embedded_Systems\FreeRTOS\Mastering_the_FreeRTOS_Real_Time_Kernel\ST_Workspace\043_FreeRTOS_Run_Time_STATS\MXTmpFiles\rtos_kernelInit.tmp
2023-05-16 09:35:10,194 [INFO] CodeEngine:255 - oldGeneratedFile, C:\Users\mehmet.sahin\Desktop\BOOKS\Embedded_Systems\FreeRTOS\Mastering_the_FreeRTOS_Real_Time_Kernel\ST_Workspace\043_FreeRTOS_Run_Time_STATS\MXTmpFiles\rtos_kernelStart.tmp_save
2023-05-16 09:35:10,297 [INFO] CodeEngine:279 - Generated code: C:\Users\mehmet.sahin\Desktop\BOOKS\Embedded_Systems\FreeRTOS\Mastering_the_FreeRTOS_Real_Time_Kernel\ST_Workspace\043_FreeRTOS_Run_Time_STATS\MXTmpFiles\rtos_kernelStart.tmp
2023-05-16 09:35:10,306 [INFO] CodeEngine:255 - oldGeneratedFile, C:\Users\mehmet.sahin\Desktop\BOOKS\Embedded_Systems\FreeRTOS\Mastering_the_FreeRTOS_Real_Time_Kernel\ST_Workspace\043_FreeRTOS_Run_Time_STATS\MXTmpFiles\rtos_typedefs.tmp_save
2023-05-16 09:35:10,389 [INFO] CodeEngine:279 - Generated code: C:\Users\mehmet.sahin\Desktop\BOOKS\Embedded_Systems\FreeRTOS\Mastering_the_FreeRTOS_Real_Time_Kernel\ST_Workspace\043_FreeRTOS_Run_Time_STATS\MXTmpFiles\rtos_typedefs.tmp
2023-05-16 09:35:10,408 [INFO] CodeEngine:255 - oldGeneratedFile, C:\Users\mehmet.sahin\Desktop\BOOKS\Embedded_Systems\FreeRTOS\Mastering_the_FreeRTOS_Real_Time_Kernel\ST_Workspace\043_FreeRTOS_Run_Time_STATS\MXTmpFiles\rtos_vars.tmp_save
2023-05-16 09:35:10,502 [INFO] CodeEngine:279 - Generated code: C:\Users\mehmet.sahin\Desktop\BOOKS\Embedded_Systems\FreeRTOS\Mastering_the_FreeRTOS_Real_Time_Kernel\ST_Workspace\043_FreeRTOS_Run_Time_STATS\MXTmpFiles\rtos_vars.tmp
2023-05-16 09:35:10,511 [INFO] CodeEngine:255 - oldGeneratedFile, C:\Users\mehmet.sahin\Desktop\BOOKS\Embedded_Systems\FreeRTOS\Mastering_the_FreeRTOS_Real_Time_Kernel\ST_Workspace\043_FreeRTOS_Run_Time_STATS\MXTmpFiles\rtos_pfp.tmp_save
2023-05-16 09:35:10,594 [INFO] CodeEngine:279 - Generated code: C:\Users\mehmet.sahin\Desktop\BOOKS\Embedded_Systems\FreeRTOS\Mastering_the_FreeRTOS_Real_Time_Kernel\ST_Workspace\043_FreeRTOS_Run_Time_STATS\MXTmpFiles\rtos_pfp.tmp
2023-05-16 09:35:10,610 [INFO] CodeEngine:255 - oldGeneratedFile, C:\Users\mehmet.sahin\Desktop\BOOKS\Embedded_Systems\FreeRTOS\Mastering_the_FreeRTOS_Real_Time_Kernel\ST_Workspace\043_FreeRTOS_Run_Time_STATS\MXTmpFiles\rtos_obj_creat.tmp_save
2023-05-16 09:35:10,682 [INFO] CodeEngine:279 - Generated code: C:\Users\mehmet.sahin\Desktop\BOOKS\Embedded_Systems\FreeRTOS\Mastering_the_FreeRTOS_Real_Time_Kernel\ST_Workspace\043_FreeRTOS_Run_Time_STATS\MXTmpFiles\rtos_obj_creat.tmp
2023-05-16 09:35:10,688 [INFO] CodeEngine:255 - oldGeneratedFile, C:\Users\mehmet.sahin\Desktop\BOOKS\Embedded_Systems\FreeRTOS\Mastering_the_FreeRTOS_Real_Time_Kernel\ST_Workspace\043_FreeRTOS_Run_Time_STATS\MXTmpFiles\rtos_default_thread.tmp_save
2023-05-16 09:35:10,753 [INFO] CodeEngine:279 - Generated code: C:\Users\mehmet.sahin\Desktop\BOOKS\Embedded_Systems\FreeRTOS\Mastering_the_FreeRTOS_Real_Time_Kernel\ST_Workspace\043_FreeRTOS_Run_Time_STATS\MXTmpFiles\rtos_default_thread.tmp
2023-05-16 09:35:10,760 [INFO] CodeEngine:255 - oldGeneratedFile, C:\Users\mehmet.sahin\Desktop\BOOKS\Embedded_Systems\FreeRTOS\Mastering_the_FreeRTOS_Real_Time_Kernel\ST_Workspace\043_FreeRTOS_Run_Time_STATS\MXTmpFiles\rtos_threads.tmp_save
2023-05-16 09:35:10,819 [INFO] CodeEngine:279 - Generated code: C:\Users\mehmet.sahin\Desktop\BOOKS\Embedded_Systems\FreeRTOS\Mastering_the_FreeRTOS_Real_Time_Kernel\ST_Workspace\043_FreeRTOS_Run_Time_STATS\MXTmpFiles\rtos_threads.tmp
2023-05-16 09:35:10,836 [INFO] CodeEngine:255 - oldGeneratedFile, C:\Users\mehmet.sahin\Desktop\BOOKS\Embedded_Systems\FreeRTOS\Mastering_the_FreeRTOS_Real_Time_Kernel\ST_Workspace\043_FreeRTOS_Run_Time_STATS\Core\Inc\FreeRTOSConfig.h_save
2023-05-16 09:35:11,001 [INFO] CodeEngine:279 - Generated code: C:\Users\mehmet.sahin\Desktop\BOOKS\Embedded_Systems\FreeRTOS\Mastering_the_FreeRTOS_Real_Time_Kernel\ST_Workspace\043_FreeRTOS_Run_Time_STATS\Core\Inc\FreeRTOSConfig.h
2023-05-16 09:35:11,021 [INFO] CodeEngine:255 - oldGeneratedFile, C:\Users\mehmet.sahin\Desktop\BOOKS\Embedded_Systems\FreeRTOS\Mastering_the_FreeRTOS_Real_Time_Kernel\ST_Workspace\043_FreeRTOS_Run_Time_STATS\Core\Src\freertos.c_save
2023-05-16 09:35:11,144 [INFO] CodeEngine:279 - Generated code: C:\Users\mehmet.sahin\Desktop\BOOKS\Embedded_Systems\FreeRTOS\Mastering_the_FreeRTOS_Real_Time_Kernel\ST_Workspace\043_FreeRTOS_Run_Time_STATS\Core\Src\freertos.c
2023-05-16 09:35:11,206 [INFO] CodeEngine:255 - oldGeneratedFile, C:\Users\mehmet.sahin\Desktop\BOOKS\Embedded_Systems\FreeRTOS\Mastering_the_FreeRTOS_Real_Time_Kernel\ST_Workspace\043_FreeRTOS_Run_Time_STATS\Core\Src\stm32f4xx_it.c_save
2023-05-16 09:35:11,365 [INFO] CodeEngine:279 - Generated code: C:\Users\mehmet.sahin\Desktop\BOOKS\Embedded_Systems\FreeRTOS\Mastering_the_FreeRTOS_Real_Time_Kernel\ST_Workspace\043_FreeRTOS_Run_Time_STATS\Core\Src\stm32f4xx_it.c
2023-05-16 09:35:11,374 [INFO] CodeEngine:255 - oldGeneratedFile, C:\Users\mehmet.sahin\Desktop\BOOKS\Embedded_Systems\FreeRTOS\Mastering_the_FreeRTOS_Real_Time_Kernel\ST_Workspace\043_FreeRTOS_Run_Time_STATS\Core\Inc\stm32f4xx_it.h_save
2023-05-16 09:35:11,521 [INFO] CodeEngine:279 - Generated code: C:\Users\mehmet.sahin\Desktop\BOOKS\Embedded_Systems\FreeRTOS\Mastering_the_FreeRTOS_Real_Time_Kernel\ST_Workspace\043_FreeRTOS_Run_Time_STATS\Core\Inc\stm32f4xx_it.h
2023-05-16 09:35:11,579 [INFO] CodeEngine:255 - oldGeneratedFile, C:\Users\mehmet.sahin\Desktop\BOOKS\Embedded_Systems\FreeRTOS\Mastering_the_FreeRTOS_Real_Time_Kernel\ST_Workspace\043_FreeRTOS_Run_Time_STATS\Core\Src\stm32f4xx_hal_msp.c_save
2023-05-16 09:35:11,804 [INFO] CodeEngine:279 - Generated code: C:\Users\mehmet.sahin\Desktop\BOOKS\Embedded_Systems\FreeRTOS\Mastering_the_FreeRTOS_Real_Time_Kernel\ST_Workspace\043_FreeRTOS_Run_Time_STATS\Core\Src\stm32f4xx_hal_msp.c
2023-05-16 09:35:11,811 [INFO] CodeEngine:255 - oldGeneratedFile, C:\Users\mehmet.sahin\Desktop\BOOKS\Embedded_Systems\FreeRTOS\Mastering_the_FreeRTOS_Real_Time_Kernel\ST_Workspace\043_FreeRTOS_Run_Time_STATS\MXTmpFiles\system.tmp_save
2023-05-16 09:35:11,979 [INFO] CodeEngine:279 - Generated code: C:\Users\mehmet.sahin\Desktop\BOOKS\Embedded_Systems\FreeRTOS\Mastering_the_FreeRTOS_Real_Time_Kernel\ST_Workspace\043_FreeRTOS_Run_Time_STATS\MXTmpFiles\system.tmp
2023-05-16 09:35:11,999 [INFO] CodeEngine:255 - oldGeneratedFile, C:\Users\mehmet.sahin\Desktop\BOOKS\Embedded_Systems\FreeRTOS\Mastering_the_FreeRTOS_Real_Time_Kernel\ST_Workspace\043_FreeRTOS_Run_Time_STATS\Core\Src\stm32f4xx_hal_timebase_tim.c_save
2023-05-16 09:35:12,138 [INFO] CodeEngine:279 - Generated code: C:\Users\mehmet.sahin\Desktop\BOOKS\Embedded_Systems\FreeRTOS\Mastering_the_FreeRTOS_Real_Time_Kernel\ST_Workspace\043_FreeRTOS_Run_Time_STATS\Core\Src\stm32f4xx_hal_timebase_tim.c
2023-05-16 09:35:12,173 [INFO] CodeEngine:311 - oldGeneratedFile, C:\Users\mehmet.sahin\Desktop\BOOKS\Embedded_Systems\FreeRTOS\Mastering_the_FreeRTOS_Real_Time_Kernel\ST_Workspace\043_FreeRTOS_Run_Time_STATS\Core\Inc\stm32f4xx_hal_conf.h_save
2023-05-16 09:35:12,337 [INFO] CodeEngine:335 - Generated code: C:\Users\mehmet.sahin\Desktop\BOOKS\Embedded_Systems\FreeRTOS\Mastering_the_FreeRTOS_Real_Time_Kernel\ST_Workspace\043_FreeRTOS_Run_Time_STATS\Core\Inc\stm32f4xx_hal_conf.h
2023-05-16 09:35:12,390 [WARN] IPConfigManager:3431 - IP not found : TIM
2023-05-16 09:35:12,392 [WARN] CodeGenerator:3754 - IP not found : null
2023-05-16 09:35:12,447 [INFO] CodeEngine:255 - oldGeneratedFile, C:\Users\mehmet.sahin\Desktop\BOOKS\Embedded_Systems\FreeRTOS\Mastering_the_FreeRTOS_Real_Time_Kernel\ST_Workspace\043_FreeRTOS_Run_Time_STATS\Core\Inc\main.h_save
2023-05-16 09:35:12,623 [INFO] CodeEngine:279 - Generated code: C:\Users\mehmet.sahin\Desktop\BOOKS\Embedded_Systems\FreeRTOS\Mastering_the_FreeRTOS_Real_Time_Kernel\ST_Workspace\043_FreeRTOS_Run_Time_STATS\Core\Inc\main.h
2023-05-16 09:35:12,648 [INFO] CodeEngine:255 - oldGeneratedFile, C:\Users\mehmet.sahin\Desktop\BOOKS\Embedded_Systems\FreeRTOS\Mastering_the_FreeRTOS_Real_Time_Kernel\ST_Workspace\043_FreeRTOS_Run_Time_STATS\Core\Src\main.c_save
2023-05-16 09:35:12,908 [INFO] CodeEngine:279 - Generated code: C:\Users\mehmet.sahin\Desktop\BOOKS\Embedded_Systems\FreeRTOS\Mastering_the_FreeRTOS_Real_Time_Kernel\ST_Workspace\043_FreeRTOS_Run_Time_STATS\Core\Src\main.c
2023-05-16 09:35:14,052 [INFO] ProjectBuilder:2996 - Time for Copy HAL[1] : 320mS.
2023-05-16 09:35:14,057 [INFO] ProjectBuilder:4304 - Project Generator version: 3.19.2
2023-05-16 09:35:14,614 [INFO] ConfigFileManager:1483 - The Die is : DIE413
2023-05-16 09:35:18,364 [INFO] ProjectBuilder:4505 - Time for Generating toolchain IDE Files: 4307mS.
2023-05-16 09:35:18,365 [INFO] ProjectBuilder:2867 - Time for Copy CMSIS : 0mS.
2023-05-16 09:35:18,383 [INFO] ProjectBuilder:2867 - Time for Copy CMSIS : 1mS.
